#! /usr/bin/vvp
:ivl_version "10.3 (stable)";
:ivl_delay_selection "TYPICAL";
:vpi_time_precision - 10;
:vpi_module "system";
:vpi_module "vhdl_sys";
:vpi_module "v2005_math";
:vpi_module "va_math";
S_0x564c87d1cc20 .scope module, "div3_testbench" "div3_testbench" 2 3;
 .timescale -9 -10;
P_0x564c87cf2f30 .param/l "DATA_LEN" 0 2 5, C4<1000>;
P_0x564c87cf2f70 .param/l "DEPTH_LEN" 0 2 6, C4<100>;
P_0x564c87cf2fb0 .param/l "STEPS" 0 2 7, C4<011>;
v0x564c87d4a7b0_0 .var "clk", 0 0;
v0x564c87d4a870_0 .var "data", 7 0;
v0x564c87d4a930_0 .net "divisibility", 0 0, L_0x564c87d6b220;  1 drivers
S_0x564c87d12290 .scope module, "divisor3" "divisor3" 2 19, 3 1 0, S_0x564c87d1cc20;
 .timescale 0 0;
    .port_info 0 /INPUT 8 "data"
    .port_info 1 /OUTPUT 1 "divisibility"
P_0x564c87d11be0 .param/l "DATA_LEN" 0 3 3, C4<1000>;
P_0x564c87d11c20 .param/l "DEPTH_LEN" 0 3 4, C4<100>;
P_0x564c87d11c60 .param/l "STEPS" 0 3 5, C4<011>;
v0x564c87d4a360_0 .net "data", 7 0, v0x564c87d4a870_0;  1 drivers
v0x564c87d4a440 .array "data_wire", 0 2;
v0x564c87d4a440_0 .net v0x564c87d4a440 0, 7 0, L_0x564c87d6ab50; 1 drivers
v0x564c87d4a440_1 .net v0x564c87d4a440 1, 7 0, L_0x564c87d5f9c0; 1 drivers
v0x564c87d4a440_2 .net v0x564c87d4a440 2, 7 0, L_0x564c87d62f20; 1 drivers
v0x564c87d4a550 .array "depth_wire", 0 2;
v0x564c87d4a550_0 .net v0x564c87d4a550 0, 3 0, L_0x564c87d6af00; 1 drivers
v0x564c87d4a550_1 .net v0x564c87d4a550 1, 3 0, L_0x564c87d5fab0; 1 drivers
v0x564c87d4a550_2 .net v0x564c87d4a550 2, 3 0, L_0x564c87d63010; 1 drivers
v0x564c87d4a690_0 .net "divisibility", 0 0, L_0x564c87d6b220;  alias, 1 drivers
L_0x564c87d6b220 .part L_0x564c87d62f20, 0, 1;
S_0x564c87cd6400 .scope module, "diff_even_odd_0" "diff_even_odd" 3 16, 4 1 0, S_0x564c87d12290;
 .timescale 0 0;
    .port_info 0 /INPUT 8 "data"
    .port_info 1 /INPUT 4 "cur_depth"
    .port_info 2 /OUTPUT 8 "diff"
    .port_info 3 /OUTPUT 4 "new_depth"
P_0x564c87cb9240 .param/l "DATA_LEN" 0 4 3, C4<1000>;
P_0x564c87cb9280 .param/l "DEPTH_LEN" 0 4 4, C4<100>;
P_0x564c87cb92c0 .param/l "HALF_LEN" 0 4 5, C4<100>;
L_0x7f6f6a346890 .functor BUFT 1, C4<000000000000000000000000000000001>, C4<0>, C4<0>, C4<0>;
v0x564c87d3dca0_0 .net/2u *"_s102", 32 0, L_0x7f6f6a346890;  1 drivers
v0x564c87d3dda0_0 .net *"_s104", 32 0, L_0x564c87d6a760;  1 drivers
v0x564c87d3de80_0 .net *"_s106", 7 0, L_0x564c87d6aa10;  1 drivers
v0x564c87d3df40_0 .net *"_s112", 2 0, L_0x564c87d6ae60;  1 drivers
L_0x7f6f6a3468d8 .functor BUFT 1, C4<0>, C4<0>, C4<0>, C4<0>;
v0x564c87d3e020_0 .net *"_s114", 0 0, L_0x7f6f6a3468d8;  1 drivers
v0x564c87d3e100_0 .net *"_s37", 0 0, L_0x564c87d69150;  1 drivers
L_0x7f6f6a3466e0 .functor BUFT 1, C4<0000000>, C4<0>, C4<0>, C4<0>;
v0x564c87d3e1e0_0 .net *"_s41", 6 0, L_0x7f6f6a3466e0;  1 drivers
v0x564c87d3e2c0_0 .net *"_s42", 7 0, L_0x564c87d69480;  1 drivers
L_0x7f6f6a346968 .functor BUFT 1, C4<000000000000000000000000000001000>, C4<0>, C4<0>, C4<0>;
v0x564c87d3e3a0_0 .net *"_s44", 32 0, L_0x7f6f6a346968;  1 drivers
L_0x7f6f6a346728 .functor BUFT 1, C4<000000000000000000000000000000001>, C4<0>, C4<0>, C4<0>;
v0x564c87d3e510_0 .net/2u *"_s48", 32 0, L_0x7f6f6a346728;  1 drivers
v0x564c87d3e5f0_0 .net *"_s50", 32 0, L_0x564c87d69520;  1 drivers
v0x564c87d3e6d0_0 .net *"_s52", 7 0, L_0x564c87d69770;  1 drivers
L_0x7f6f6a3469b0 .functor BUFT 1, C4<000000000000000000000000000001000>, C4<0>, C4<0>, C4<0>;
v0x564c87d3e7b0_0 .net *"_s54", 32 0, L_0x7f6f6a3469b0;  1 drivers
L_0x7f6f6a346770 .functor BUFT 1, C4<000000000000000000000000000000001>, C4<0>, C4<0>, C4<0>;
v0x564c87d3e890_0 .net/2u *"_s58", 32 0, L_0x7f6f6a346770;  1 drivers
v0x564c87d3e970_0 .net *"_s60", 32 0, L_0x564c87d69810;  1 drivers
v0x564c87d3ea50_0 .net *"_s62", 0 0, L_0x564c87d69a70;  1 drivers
v0x564c87d3eb10_0 .net *"_s64", 7 0, L_0x564c87d69bb0;  1 drivers
L_0x7f6f6a3469f8 .functor BUFT 1, C4<000000000000000000000000000001000>, C4<0>, C4<0>, C4<0>;
v0x564c87d3ebf0_0 .net *"_s66", 32 0, L_0x7f6f6a3469f8;  1 drivers
L_0x7f6f6a3467b8 .functor BUFT 1, C4<000000000000000000000000000000001>, C4<0>, C4<0>, C4<0>;
v0x564c87d3ecd0_0 .net/2u *"_s70", 32 0, L_0x7f6f6a3467b8;  1 drivers
v0x564c87d3edb0_0 .net *"_s72", 32 0, L_0x564c87d69950;  1 drivers
v0x564c87d3ee90_0 .net *"_s74", 7 0, L_0x564c87d69dd0;  1 drivers
L_0x7f6f6a346a40 .functor BUFT 1, C4<000000000000000000000000000001000>, C4<0>, C4<0>, C4<0>;
v0x564c87d3ef70_0 .net *"_s76", 32 0, L_0x7f6f6a346a40;  1 drivers
L_0x7f6f6a346800 .functor BUFT 1, C4<000000000000000000000000000000001>, C4<0>, C4<0>, C4<0>;
v0x564c87d3f050_0 .net/2u *"_s80", 32 0, L_0x7f6f6a346800;  1 drivers
v0x564c87d3f130_0 .net *"_s82", 32 0, L_0x564c87d69fb0;  1 drivers
v0x564c87d3f210_0 .net *"_s84", 7 0, L_0x564c87d6a0f0;  1 drivers
v0x564c87d3f2f0_0 .net *"_s86", 7 0, L_0x564c87d6a380;  1 drivers
L_0x7f6f6a346a88 .functor BUFT 1, C4<000000000000000000000000000001000>, C4<0>, C4<0>, C4<0>;
v0x564c87d3f3d0_0 .net *"_s88", 32 0, L_0x7f6f6a346a88;  1 drivers
L_0x7f6f6a346848 .functor BUFT 1, C4<000000000000000000000000000000001>, C4<0>, C4<0>, C4<0>;
v0x564c87d3f4b0_0 .net/2u *"_s92", 32 0, L_0x7f6f6a346848;  1 drivers
v0x564c87d3f590_0 .net *"_s94", 32 0, L_0x564c87d6a420;  1 drivers
v0x564c87d3f670_0 .net *"_s96", 7 0, L_0x564c87d6a6c0;  1 drivers
L_0x7f6f6a346ad0 .functor BUFT 1, C4<000000000000000000000000000001000>, C4<0>, C4<0>, C4<0>;
v0x564c87d3f750_0 .net *"_s98", 32 0, L_0x7f6f6a346ad0;  1 drivers
L_0x7f6f6a346920 .functor BUFT 1, C4<1000>, C4<0>, C4<0>, C4<0>;
v0x564c87d3f830_0 .net "cur_depth", 3 0, L_0x7f6f6a346920;  1 drivers
v0x564c87d3f910_0 .net "data", 7 0, v0x564c87d4a870_0;  alias, 1 drivers
v0x564c87d3f9f0_0 .net "diff", 7 0, L_0x564c87d6ab50;  alias, 1 drivers
L_0x7f6f6a346650 .functor BUFT 1, C4<01010101>, C4<0>, C4<0>, C4<0>;
v0x564c87d3fad0_0 .net "even_mask", 7 0, L_0x7f6f6a346650;  1 drivers
v0x564c87d3fbb0 .array "even_sum", 0 7;
v0x564c87d3fbb0_0 .net v0x564c87d3fbb0 0, 7 0, L_0x564c87d691f0; 1 drivers
v0x564c87d3fbb0_1 .net v0x564c87d3fbb0 1, 7 0, L_0x564c87d63a90; 1 drivers
v0x564c87d3fbb0_2 .net v0x564c87d3fbb0 2, 7 0, L_0x564c87d64800; 1 drivers
v0x564c87d3fbb0_3 .net v0x564c87d3fbb0 3, 7 0, L_0x564c87d655e0; 1 drivers
v0x564c87d3fbb0_4 .net v0x564c87d3fbb0 4, 7 0, L_0x564c87d665b0; 1 drivers
v0x564c87d3fbb0_5 .net v0x564c87d3fbb0 5, 7 0, L_0x564c87d67280; 1 drivers
v0x564c87d3fbb0_6 .net v0x564c87d3fbb0 6, 7 0, L_0x564c87d67fd0; 1 drivers
v0x564c87d3fbb0_7 .net v0x564c87d3fbb0 7, 7 0, L_0x564c87d68e00; 1 drivers
v0x564c87d3fd70_0 .net "new_depth", 3 0, L_0x564c87d6af00;  alias, 1 drivers
L_0x7f6f6a346608 .functor BUFT 1, C4<10101010>, C4<0>, C4<0>, C4<0>;
v0x564c87d3fe50_0 .net "odd_mask", 7 0, L_0x7f6f6a346608;  1 drivers
L_0x7f6f6a346698 .functor BUFT 1, C4<00000000>, C4<0>, C4<0>, C4<0>;
v0x564c87d3ff30 .array "odd_sum", 0 7;
v0x564c87d3ff30_0 .net v0x564c87d3ff30 0, 7 0, L_0x7f6f6a346698; 1 drivers
v0x564c87d3ff30_1 .net v0x564c87d3ff30 1, 7 0, L_0x564c87d63560; 1 drivers
v0x564c87d3ff30_2 .net v0x564c87d3ff30 2, 7 0, L_0x564c87d64120; 1 drivers
v0x564c87d3ff30_3 .net v0x564c87d3ff30 3, 7 0, L_0x564c87d64e20; 1 drivers
v0x564c87d3ff30_4 .net v0x564c87d3ff30 4, 7 0, L_0x564c87d65be0; 1 drivers
v0x564c87d3ff30_5 .net v0x564c87d3ff30 5, 7 0, L_0x564c87d66c60; 1 drivers
v0x564c87d3ff30_6 .net v0x564c87d3ff30 6, 7 0, L_0x564c87d67990; 1 drivers
v0x564c87d3ff30_7 .net v0x564c87d3ff30 7, 7 0, L_0x564c87d68700; 1 drivers
L_0x564c87d63100 .part v0x564c87d4a870_0, 1, 1;
L_0x564c87d632e0 .part L_0x7f6f6a346608, 1, 1;
L_0x564c87d63650 .part v0x564c87d4a870_0, 1, 1;
L_0x564c87d637e0 .part L_0x7f6f6a346650, 1, 1;
L_0x564c87d63c30 .part v0x564c87d4a870_0, 2, 1;
L_0x564c87d63e10 .part L_0x7f6f6a346608, 2, 1;
L_0x564c87d642d0 .part v0x564c87d4a870_0, 2, 1;
L_0x564c87d644e0 .part L_0x7f6f6a346650, 2, 1;
L_0x564c87d649b0 .part v0x564c87d4a870_0, 3, 1;
L_0x564c87d64b90 .part L_0x7f6f6a346608, 3, 1;
L_0x564c87d64fd0 .part v0x564c87d4a870_0, 3, 1;
L_0x564c87d652f0 .part L_0x7f6f6a346650, 3, 1;
L_0x564c87d657d0 .part v0x564c87d4a870_0, 4, 1;
L_0x564c87d659b0 .part L_0x7f6f6a346608, 4, 1;
L_0x564c87d65d20 .part v0x564c87d4a870_0, 4, 1;
L_0x564c87d66340 .part L_0x7f6f6a346650, 4, 1;
L_0x564c87d66760 .part v0x564c87d4a870_0, 5, 1;
L_0x564c87d66940 .part L_0x7f6f6a346608, 5, 1;
L_0x564c87d66e10 .part v0x564c87d4a870_0, 5, 1;
L_0x564c87d66ff0 .part L_0x7f6f6a346650, 5, 1;
L_0x564c87d67470 .part v0x564c87d4a870_0, 6, 1;
L_0x564c87d67650 .part L_0x7f6f6a346608, 6, 1;
L_0x564c87d67b40 .part v0x564c87d4a870_0, 6, 1;
L_0x564c87d67d20 .part L_0x7f6f6a346650, 6, 1;
L_0x564c87d681c0 .part v0x564c87d4a870_0, 7, 1;
L_0x564c87d683a0 .part L_0x7f6f6a346608, 7, 1;
L_0x564c87d688b0 .part v0x564c87d4a870_0, 7, 1;
L_0x564c87d68a90 .part L_0x7f6f6a346650, 7, 1;
L_0x564c87d69150 .part v0x564c87d4a870_0, 0, 1;
L_0x564c87d691f0 .concat [ 1 7 0 0], L_0x564c87d69150, L_0x7f6f6a3466e0;
L_0x564c87d69480 .array/port v0x564c87d3ff30, L_0x564c87d69520;
L_0x564c87d69520 .arith/sub 33, L_0x7f6f6a346968, L_0x7f6f6a346728;
L_0x564c87d69770 .array/port v0x564c87d3fbb0, L_0x564c87d69810;
L_0x564c87d69810 .arith/sub 33, L_0x7f6f6a3469b0, L_0x7f6f6a346770;
L_0x564c87d69a70 .cmp/gt 8, L_0x564c87d69480, L_0x564c87d69770;
L_0x564c87d69bb0 .array/port v0x564c87d3ff30, L_0x564c87d69950;
L_0x564c87d69950 .arith/sub 33, L_0x7f6f6a3469f8, L_0x7f6f6a3467b8;
L_0x564c87d69dd0 .array/port v0x564c87d3fbb0, L_0x564c87d69fb0;
L_0x564c87d69fb0 .arith/sub 33, L_0x7f6f6a346a40, L_0x7f6f6a346800;
L_0x564c87d6a0f0 .arith/sub 8, L_0x564c87d69bb0, L_0x564c87d69dd0;
L_0x564c87d6a380 .array/port v0x564c87d3fbb0, L_0x564c87d6a420;
L_0x564c87d6a420 .arith/sub 33, L_0x7f6f6a346a88, L_0x7f6f6a346848;
L_0x564c87d6a6c0 .array/port v0x564c87d3ff30, L_0x564c87d6a760;
L_0x564c87d6a760 .arith/sub 33, L_0x7f6f6a346ad0, L_0x7f6f6a346890;
L_0x564c87d6aa10 .arith/sub 8, L_0x564c87d6a380, L_0x564c87d6a6c0;
L_0x564c87d6ab50 .functor MUXZ 8, L_0x564c87d6aa10, L_0x564c87d6a0f0, L_0x564c87d69a70, C4<>;
L_0x564c87d6ae60 .part L_0x7f6f6a346920, 1, 3;
L_0x564c87d6af00 .concat [ 3 1 0 0], L_0x564c87d6ae60, L_0x7f6f6a3468d8;
S_0x564c87ce7080 .scope generate, "odd_even_sum_gen[1]" "odd_even_sum_gen[1]" 4 30, 4 30 0, S_0x564c87cd6400;
 .timescale 0 0;
P_0x564c87ce0c30 .param/l "i" 0 4 30, +C4<01>;
L_0x564c87d613a0 .functor AND 8, L_0x564c87d631a0, L_0x564c87d63380, C4<11111111>, C4<11111111>;
L_0x564c87d60850 .functor AND 8, L_0x564c87d636f0, L_0x564c87d638b0, C4<11111111>, C4<11111111>;
L_0x7f6f6a345e70 .functor BUFT 1, C4<0000000>, C4<0>, C4<0>, C4<0>;
v0x564c87d1a390_0 .net *"_s11", 6 0, L_0x7f6f6a345e70;  1 drivers
v0x564c87d191a0_0 .net *"_s12", 7 0, L_0x564c87d613a0;  1 drivers
v0x564c87d17ba0_0 .net *"_s18", 0 0, L_0x564c87d63650;  1 drivers
v0x564c87d169b0_0 .net *"_s19", 7 0, L_0x564c87d636f0;  1 drivers
v0x564c87d15410_0 .net *"_s2", 0 0, L_0x564c87d63100;  1 drivers
L_0x7f6f6a345eb8 .functor BUFT 1, C4<0000000>, C4<0>, C4<0>, C4<0>;
v0x564c87d14220_0 .net *"_s22", 6 0, L_0x7f6f6a345eb8;  1 drivers
v0x564c87d37b40_0 .net *"_s23", 0 0, L_0x564c87d637e0;  1 drivers
v0x564c87d37c20_0 .net *"_s24", 7 0, L_0x564c87d638b0;  1 drivers
L_0x7f6f6a345f00 .functor BUFT 1, C4<0000000>, C4<0>, C4<0>, C4<0>;
v0x564c87d37d00_0 .net *"_s27", 6 0, L_0x7f6f6a345f00;  1 drivers
v0x564c87d37de0_0 .net *"_s28", 7 0, L_0x564c87d60850;  1 drivers
v0x564c87d37ec0_0 .net *"_s3", 7 0, L_0x564c87d631a0;  1 drivers
L_0x7f6f6a345e28 .functor BUFT 1, C4<0000000>, C4<0>, C4<0>, C4<0>;
v0x564c87d37fa0_0 .net *"_s6", 6 0, L_0x7f6f6a345e28;  1 drivers
v0x564c87d38080_0 .net *"_s7", 0 0, L_0x564c87d632e0;  1 drivers
v0x564c87d38160_0 .net *"_s8", 7 0, L_0x564c87d63380;  1 drivers
L_0x564c87d631a0 .concat [ 1 7 0 0], L_0x564c87d63100, L_0x7f6f6a345e28;
L_0x564c87d63380 .concat [ 1 7 0 0], L_0x564c87d632e0, L_0x7f6f6a345e70;
L_0x564c87d63560 .arith/sum 8, L_0x7f6f6a346698, L_0x564c87d613a0;
L_0x564c87d636f0 .concat [ 1 7 0 0], L_0x564c87d63650, L_0x7f6f6a345eb8;
L_0x564c87d638b0 .concat [ 1 7 0 0], L_0x564c87d637e0, L_0x7f6f6a345f00;
L_0x564c87d63a90 .arith/sum 8, L_0x564c87d691f0, L_0x564c87d60850;
S_0x564c87d38240 .scope generate, "odd_even_sum_gen[2]" "odd_even_sum_gen[2]" 4 30, 4 30 0, S_0x564c87cd6400;
 .timescale 0 0;
P_0x564c87d38400 .param/l "i" 0 4 30, +C4<010>;
L_0x564c87d63b30 .functor AND 8, L_0x564c87d63cd0, L_0x564c87d63f40, C4<11111111>, C4<11111111>;
L_0x564c87d641c0 .functor AND 8, L_0x564c87d64370, L_0x564c87d64620, C4<11111111>, C4<11111111>;
L_0x7f6f6a345f90 .functor BUFT 1, C4<0000000>, C4<0>, C4<0>, C4<0>;
v0x564c87d384c0_0 .net *"_s11", 6 0, L_0x7f6f6a345f90;  1 drivers
v0x564c87d385a0_0 .net *"_s12", 7 0, L_0x564c87d63b30;  1 drivers
v0x564c87d38680_0 .net *"_s18", 0 0, L_0x564c87d642d0;  1 drivers
v0x564c87d38740_0 .net *"_s19", 7 0, L_0x564c87d64370;  1 drivers
v0x564c87d38820_0 .net *"_s2", 0 0, L_0x564c87d63c30;  1 drivers
L_0x7f6f6a345fd8 .functor BUFT 1, C4<0000000>, C4<0>, C4<0>, C4<0>;
v0x564c87d38950_0 .net *"_s22", 6 0, L_0x7f6f6a345fd8;  1 drivers
v0x564c87d38a30_0 .net *"_s23", 0 0, L_0x564c87d644e0;  1 drivers
v0x564c87d38b10_0 .net *"_s24", 7 0, L_0x564c87d64620;  1 drivers
L_0x7f6f6a346020 .functor BUFT 1, C4<0000000>, C4<0>, C4<0>, C4<0>;
v0x564c87d38bf0_0 .net *"_s27", 6 0, L_0x7f6f6a346020;  1 drivers
v0x564c87d38cd0_0 .net *"_s28", 7 0, L_0x564c87d641c0;  1 drivers
v0x564c87d38db0_0 .net *"_s3", 7 0, L_0x564c87d63cd0;  1 drivers
L_0x7f6f6a345f48 .functor BUFT 1, C4<0000000>, C4<0>, C4<0>, C4<0>;
v0x564c87d38e90_0 .net *"_s6", 6 0, L_0x7f6f6a345f48;  1 drivers
v0x564c87d38f70_0 .net *"_s7", 0 0, L_0x564c87d63e10;  1 drivers
v0x564c87d39050_0 .net *"_s8", 7 0, L_0x564c87d63f40;  1 drivers
L_0x564c87d63cd0 .concat [ 1 7 0 0], L_0x564c87d63c30, L_0x7f6f6a345f48;
L_0x564c87d63f40 .concat [ 1 7 0 0], L_0x564c87d63e10, L_0x7f6f6a345f90;
L_0x564c87d64120 .arith/sum 8, L_0x564c87d63560, L_0x564c87d63b30;
L_0x564c87d64370 .concat [ 1 7 0 0], L_0x564c87d642d0, L_0x7f6f6a345fd8;
L_0x564c87d64620 .concat [ 1 7 0 0], L_0x564c87d644e0, L_0x7f6f6a346020;
L_0x564c87d64800 .arith/sum 8, L_0x564c87d63a90, L_0x564c87d641c0;
S_0x564c87d39130 .scope generate, "odd_even_sum_gen[3]" "odd_even_sum_gen[3]" 4 30, 4 30 0, S_0x564c87cd6400;
 .timescale 0 0;
P_0x564c87d392d0 .param/l "i" 0 4 30, +C4<011>;
L_0x564c87d648a0 .functor AND 8, L_0x564c87d64a50, L_0x564c87d64c90, C4<11111111>, C4<11111111>;
L_0x564c87d64ec0 .functor AND 8, L_0x564c87d65180, L_0x564c87d65400, C4<11111111>, C4<11111111>;
L_0x7f6f6a3460b0 .functor BUFT 1, C4<0000000>, C4<0>, C4<0>, C4<0>;
v0x564c87d39390_0 .net *"_s11", 6 0, L_0x7f6f6a3460b0;  1 drivers
v0x564c87d39470_0 .net *"_s12", 7 0, L_0x564c87d648a0;  1 drivers
v0x564c87d39550_0 .net *"_s18", 0 0, L_0x564c87d64fd0;  1 drivers
v0x564c87d39610_0 .net *"_s19", 7 0, L_0x564c87d65180;  1 drivers
v0x564c87d396f0_0 .net *"_s2", 0 0, L_0x564c87d649b0;  1 drivers
L_0x7f6f6a3460f8 .functor BUFT 1, C4<0000000>, C4<0>, C4<0>, C4<0>;
v0x564c87d39820_0 .net *"_s22", 6 0, L_0x7f6f6a3460f8;  1 drivers
v0x564c87d39900_0 .net *"_s23", 0 0, L_0x564c87d652f0;  1 drivers
v0x564c87d399e0_0 .net *"_s24", 7 0, L_0x564c87d65400;  1 drivers
L_0x7f6f6a346140 .functor BUFT 1, C4<0000000>, C4<0>, C4<0>, C4<0>;
v0x564c87d39ac0_0 .net *"_s27", 6 0, L_0x7f6f6a346140;  1 drivers
v0x564c87d39ba0_0 .net *"_s28", 7 0, L_0x564c87d64ec0;  1 drivers
v0x564c87d39c80_0 .net *"_s3", 7 0, L_0x564c87d64a50;  1 drivers
L_0x7f6f6a346068 .functor BUFT 1, C4<0000000>, C4<0>, C4<0>, C4<0>;
v0x564c87d39d60_0 .net *"_s6", 6 0, L_0x7f6f6a346068;  1 drivers
v0x564c87d39e40_0 .net *"_s7", 0 0, L_0x564c87d64b90;  1 drivers
v0x564c87d39f20_0 .net *"_s8", 7 0, L_0x564c87d64c90;  1 drivers
L_0x564c87d64a50 .concat [ 1 7 0 0], L_0x564c87d649b0, L_0x7f6f6a346068;
L_0x564c87d64c90 .concat [ 1 7 0 0], L_0x564c87d64b90, L_0x7f6f6a3460b0;
L_0x564c87d64e20 .arith/sum 8, L_0x564c87d64120, L_0x564c87d648a0;
L_0x564c87d65180 .concat [ 1 7 0 0], L_0x564c87d64fd0, L_0x7f6f6a3460f8;
L_0x564c87d65400 .concat [ 1 7 0 0], L_0x564c87d652f0, L_0x7f6f6a346140;
L_0x564c87d655e0 .arith/sum 8, L_0x564c87d64800, L_0x564c87d64ec0;
S_0x564c87d3a000 .scope generate, "odd_even_sum_gen[4]" "odd_even_sum_gen[4]" 4 30, 4 30 0, S_0x564c87cd6400;
 .timescale 0 0;
P_0x564c87d3a1a0 .param/l "i" 0 4 30, +C4<0100>;
L_0x564c87d65390 .functor AND 8, L_0x564c87d65870, L_0x564c87d65a50, C4<11111111>, C4<11111111>;
L_0x564c87d65680 .functor AND 8, L_0x564c87d65dc0, L_0x564c87d66470, C4<11111111>, C4<11111111>;
L_0x7f6f6a3461d0 .functor BUFT 1, C4<0000000>, C4<0>, C4<0>, C4<0>;
v0x564c87d3a280_0 .net *"_s11", 6 0, L_0x7f6f6a3461d0;  1 drivers
v0x564c87d3a360_0 .net *"_s12", 7 0, L_0x564c87d65390;  1 drivers
v0x564c87d3a440_0 .net *"_s18", 0 0, L_0x564c87d65d20;  1 drivers
v0x564c87d3a500_0 .net *"_s19", 7 0, L_0x564c87d65dc0;  1 drivers
v0x564c87d3a5e0_0 .net *"_s2", 0 0, L_0x564c87d657d0;  1 drivers
L_0x7f6f6a346218 .functor BUFT 1, C4<0000000>, C4<0>, C4<0>, C4<0>;
v0x564c87d3a710_0 .net *"_s22", 6 0, L_0x7f6f6a346218;  1 drivers
v0x564c87d3a7f0_0 .net *"_s23", 0 0, L_0x564c87d66340;  1 drivers
v0x564c87d3a8d0_0 .net *"_s24", 7 0, L_0x564c87d66470;  1 drivers
L_0x7f6f6a346260 .functor BUFT 1, C4<0000000>, C4<0>, C4<0>, C4<0>;
v0x564c87d3a9b0_0 .net *"_s27", 6 0, L_0x7f6f6a346260;  1 drivers
v0x564c87d3aa90_0 .net *"_s28", 7 0, L_0x564c87d65680;  1 drivers
v0x564c87d3ab70_0 .net *"_s3", 7 0, L_0x564c87d65870;  1 drivers
L_0x7f6f6a346188 .functor BUFT 1, C4<0000000>, C4<0>, C4<0>, C4<0>;
v0x564c87d3ac50_0 .net *"_s6", 6 0, L_0x7f6f6a346188;  1 drivers
v0x564c87d3ad30_0 .net *"_s7", 0 0, L_0x564c87d659b0;  1 drivers
v0x564c87d3ae10_0 .net *"_s8", 7 0, L_0x564c87d65a50;  1 drivers
L_0x564c87d65870 .concat [ 1 7 0 0], L_0x564c87d657d0, L_0x7f6f6a346188;
L_0x564c87d65a50 .concat [ 1 7 0 0], L_0x564c87d659b0, L_0x7f6f6a3461d0;
L_0x564c87d65be0 .arith/sum 8, L_0x564c87d64e20, L_0x564c87d65390;
L_0x564c87d65dc0 .concat [ 1 7 0 0], L_0x564c87d65d20, L_0x7f6f6a346218;
L_0x564c87d66470 .concat [ 1 7 0 0], L_0x564c87d66340, L_0x7f6f6a346260;
L_0x564c87d665b0 .arith/sum 8, L_0x564c87d655e0, L_0x564c87d65680;
S_0x564c87d3aef0 .scope generate, "odd_even_sum_gen[5]" "odd_even_sum_gen[5]" 4 30, 4 30 0, S_0x564c87cd6400;
 .timescale 0 0;
P_0x564c87d3b0e0 .param/l "i" 0 4 30, +C4<0101>;
L_0x564c87d66650 .functor AND 8, L_0x564c87d66800, L_0x564c87d66a80, C4<11111111>, C4<11111111>;
L_0x564c87d66d00 .functor AND 8, L_0x564c87d66eb0, L_0x564c87d669e0, C4<11111111>, C4<11111111>;
L_0x7f6f6a3462f0 .functor BUFT 1, C4<0000000>, C4<0>, C4<0>, C4<0>;
v0x564c87d3b1c0_0 .net *"_s11", 6 0, L_0x7f6f6a3462f0;  1 drivers
v0x564c87d3b2a0_0 .net *"_s12", 7 0, L_0x564c87d66650;  1 drivers
v0x564c87d3b380_0 .net *"_s18", 0 0, L_0x564c87d66e10;  1 drivers
v0x564c87d3b440_0 .net *"_s19", 7 0, L_0x564c87d66eb0;  1 drivers
v0x564c87d3b520_0 .net *"_s2", 0 0, L_0x564c87d66760;  1 drivers
L_0x7f6f6a346338 .functor BUFT 1, C4<0000000>, C4<0>, C4<0>, C4<0>;
v0x564c87d3b650_0 .net *"_s22", 6 0, L_0x7f6f6a346338;  1 drivers
v0x564c87d3b730_0 .net *"_s23", 0 0, L_0x564c87d66ff0;  1 drivers
v0x564c87d3b810_0 .net *"_s24", 7 0, L_0x564c87d669e0;  1 drivers
L_0x7f6f6a346380 .functor BUFT 1, C4<0000000>, C4<0>, C4<0>, C4<0>;
v0x564c87d3b8f0_0 .net *"_s27", 6 0, L_0x7f6f6a346380;  1 drivers
v0x564c87d3b9d0_0 .net *"_s28", 7 0, L_0x564c87d66d00;  1 drivers
v0x564c87d3bab0_0 .net *"_s3", 7 0, L_0x564c87d66800;  1 drivers
L_0x7f6f6a3462a8 .functor BUFT 1, C4<0000000>, C4<0>, C4<0>, C4<0>;
v0x564c87d3bb90_0 .net *"_s6", 6 0, L_0x7f6f6a3462a8;  1 drivers
v0x564c87d3bc70_0 .net *"_s7", 0 0, L_0x564c87d66940;  1 drivers
v0x564c87d3bd50_0 .net *"_s8", 7 0, L_0x564c87d66a80;  1 drivers
L_0x564c87d66800 .concat [ 1 7 0 0], L_0x564c87d66760, L_0x7f6f6a3462a8;
L_0x564c87d66a80 .concat [ 1 7 0 0], L_0x564c87d66940, L_0x7f6f6a3462f0;
L_0x564c87d66c60 .arith/sum 8, L_0x564c87d65be0, L_0x564c87d66650;
L_0x564c87d66eb0 .concat [ 1 7 0 0], L_0x564c87d66e10, L_0x7f6f6a346338;
L_0x564c87d669e0 .concat [ 1 7 0 0], L_0x564c87d66ff0, L_0x7f6f6a346380;
L_0x564c87d67280 .arith/sum 8, L_0x564c87d665b0, L_0x564c87d66d00;
S_0x564c87d3be30 .scope generate, "odd_even_sum_gen[6]" "odd_even_sum_gen[6]" 4 30, 4 30 0, S_0x564c87cd6400;
 .timescale 0 0;
P_0x564c87d3bfd0 .param/l "i" 0 4 30, +C4<0110>;
L_0x564c87d67320 .functor AND 8, L_0x564c87d67510, L_0x564c87d677b0, C4<11111111>, C4<11111111>;
L_0x564c87d67a30 .functor AND 8, L_0x564c87d67be0, L_0x564c87d67e90, C4<11111111>, C4<11111111>;
L_0x7f6f6a346410 .functor BUFT 1, C4<0000000>, C4<0>, C4<0>, C4<0>;
v0x564c87d3c0b0_0 .net *"_s11", 6 0, L_0x7f6f6a346410;  1 drivers
v0x564c87d3c190_0 .net *"_s12", 7 0, L_0x564c87d67320;  1 drivers
v0x564c87d3c270_0 .net *"_s18", 0 0, L_0x564c87d67b40;  1 drivers
v0x564c87d3c330_0 .net *"_s19", 7 0, L_0x564c87d67be0;  1 drivers
v0x564c87d3c410_0 .net *"_s2", 0 0, L_0x564c87d67470;  1 drivers
L_0x7f6f6a346458 .functor BUFT 1, C4<0000000>, C4<0>, C4<0>, C4<0>;
v0x564c87d3c540_0 .net *"_s22", 6 0, L_0x7f6f6a346458;  1 drivers
v0x564c87d3c620_0 .net *"_s23", 0 0, L_0x564c87d67d20;  1 drivers
v0x564c87d3c700_0 .net *"_s24", 7 0, L_0x564c87d67e90;  1 drivers
L_0x7f6f6a3464a0 .functor BUFT 1, C4<0000000>, C4<0>, C4<0>, C4<0>;
v0x564c87d3c7e0_0 .net *"_s27", 6 0, L_0x7f6f6a3464a0;  1 drivers
v0x564c87d3c8c0_0 .net *"_s28", 7 0, L_0x564c87d67a30;  1 drivers
v0x564c87d3c9a0_0 .net *"_s3", 7 0, L_0x564c87d67510;  1 drivers
L_0x7f6f6a3463c8 .functor BUFT 1, C4<0000000>, C4<0>, C4<0>, C4<0>;
v0x564c87d3ca80_0 .net *"_s6", 6 0, L_0x7f6f6a3463c8;  1 drivers
v0x564c87d3cb60_0 .net *"_s7", 0 0, L_0x564c87d67650;  1 drivers
v0x564c87d3cc40_0 .net *"_s8", 7 0, L_0x564c87d677b0;  1 drivers
L_0x564c87d67510 .concat [ 1 7 0 0], L_0x564c87d67470, L_0x7f6f6a3463c8;
L_0x564c87d677b0 .concat [ 1 7 0 0], L_0x564c87d67650, L_0x7f6f6a346410;
L_0x564c87d67990 .arith/sum 8, L_0x564c87d66c60, L_0x564c87d67320;
L_0x564c87d67be0 .concat [ 1 7 0 0], L_0x564c87d67b40, L_0x7f6f6a346458;
L_0x564c87d67e90 .concat [ 1 7 0 0], L_0x564c87d67d20, L_0x7f6f6a3464a0;
L_0x564c87d67fd0 .arith/sum 8, L_0x564c87d67280, L_0x564c87d67a30;
S_0x564c87d3cd20 .scope generate, "odd_even_sum_gen[7]" "odd_even_sum_gen[7]" 4 30, 4 30 0, S_0x564c87cd6400;
 .timescale 0 0;
P_0x564c87d3cec0 .param/l "i" 0 4 30, +C4<0111>;
L_0x564c87d68070 .functor AND 8, L_0x564c87d68260, L_0x564c87d68520, C4<11111111>, C4<11111111>;
L_0x564c87d687a0 .functor AND 8, L_0x564c87d68950, L_0x564c87d68c20, C4<11111111>, C4<11111111>;
L_0x7f6f6a346530 .functor BUFT 1, C4<0000000>, C4<0>, C4<0>, C4<0>;
v0x564c87d3cfa0_0 .net *"_s11", 6 0, L_0x7f6f6a346530;  1 drivers
v0x564c87d3d080_0 .net *"_s12", 7 0, L_0x564c87d68070;  1 drivers
v0x564c87d3d160_0 .net *"_s18", 0 0, L_0x564c87d688b0;  1 drivers
v0x564c87d3d220_0 .net *"_s19", 7 0, L_0x564c87d68950;  1 drivers
v0x564c87d3d300_0 .net *"_s2", 0 0, L_0x564c87d681c0;  1 drivers
L_0x7f6f6a346578 .functor BUFT 1, C4<0000000>, C4<0>, C4<0>, C4<0>;
v0x564c87d3d430_0 .net *"_s22", 6 0, L_0x7f6f6a346578;  1 drivers
v0x564c87d3d510_0 .net *"_s23", 0 0, L_0x564c87d68a90;  1 drivers
v0x564c87d3d5f0_0 .net *"_s24", 7 0, L_0x564c87d68c20;  1 drivers
L_0x7f6f6a3465c0 .functor BUFT 1, C4<0000000>, C4<0>, C4<0>, C4<0>;
v0x564c87d3d6d0_0 .net *"_s27", 6 0, L_0x7f6f6a3465c0;  1 drivers
v0x564c87d3d840_0 .net *"_s28", 7 0, L_0x564c87d687a0;  1 drivers
v0x564c87d3d920_0 .net *"_s3", 7 0, L_0x564c87d68260;  1 drivers
L_0x7f6f6a3464e8 .functor BUFT 1, C4<0000000>, C4<0>, C4<0>, C4<0>;
v0x564c87d3da00_0 .net *"_s6", 6 0, L_0x7f6f6a3464e8;  1 drivers
v0x564c87d3dae0_0 .net *"_s7", 0 0, L_0x564c87d683a0;  1 drivers
v0x564c87d3dbc0_0 .net *"_s8", 7 0, L_0x564c87d68520;  1 drivers
L_0x564c87d68260 .concat [ 1 7 0 0], L_0x564c87d681c0, L_0x7f6f6a3464e8;
L_0x564c87d68520 .concat [ 1 7 0 0], L_0x564c87d683a0, L_0x7f6f6a346530;
L_0x564c87d68700 .arith/sum 8, L_0x564c87d67990, L_0x564c87d68070;
L_0x564c87d68950 .concat [ 1 7 0 0], L_0x564c87d688b0, L_0x7f6f6a346578;
L_0x564c87d68c20 .concat [ 1 7 0 0], L_0x564c87d68a90, L_0x7f6f6a3465c0;
L_0x564c87d68e00 .arith/sum 8, L_0x564c87d67fd0, L_0x564c87d687a0;
S_0x564c87d401c0 .scope generate, "iter_mod_gen[1]" "iter_mod_gen[1]" 3 26, 3 26 0, S_0x564c87d12290;
 .timescale 0 0;
P_0x564c87d403d0 .param/l "i" 0 3 26, +C4<01>;
L_0x564c87d5f7e0 .part L_0x564c87d6ab50, 0, 4;
L_0x564c87d5f8d0 .part L_0x564c87d6af00, 0, 3;
L_0x564c87d5f9c0 .part/pv L_0x564c87d5f2f0, 0, 4, 8;
L_0x564c87d5fab0 .part/pv L_0x564c87d5f560, 0, 3, 4;
S_0x564c87d40490 .scope module, "diff_even_odd_i" "diff_even_odd" 3 33, 4 1 0, S_0x564c87d401c0;
 .timescale 0 0;
    .port_info 0 /INPUT 4 "data"
    .port_info 1 /INPUT 3 "cur_depth"
    .port_info 2 /OUTPUT 4 "diff"
    .port_info 3 /OUTPUT 3 "new_depth"
P_0x564c87d40660 .param/l "DATA_LEN" 0 4 3, C4<00000000000000000000000000000100>;
P_0x564c87d406a0 .param/l "DEPTH_LEN" 0 4 4, C4<00000000000000000000000000000011>;
P_0x564c87d406e0 .param/l "HALF_LEN" 0 4 5, C4<00000000000000000000000000000010>;
v0x564c87d436c0_0 .net *"_s21", 0 0, L_0x564c87d4d2d0;  1 drivers
L_0x7f6f6a345450 .functor BUFT 1, C4<000>, C4<0>, C4<0>, C4<0>;
v0x564c87d437c0_0 .net *"_s25", 2 0, L_0x7f6f6a345450;  1 drivers
v0x564c87d438a0_0 .net *"_s26", 3 0, L_0x564c87d4d530;  1 drivers
v0x564c87d43960_0 .net *"_s28", 32 0, L_0x564c87d4d5d0;  1 drivers
L_0x7f6f6a345498 .functor BUFT 1, C4<000000000000000000000000000000>, C4<0>, C4<0>, C4<0>;
v0x564c87d43a40_0 .net *"_s31", 29 0, L_0x7f6f6a345498;  1 drivers
L_0x7f6f6a3454e0 .functor BUFT 1, C4<000000000000000000000000000000001>, C4<0>, C4<0>, C4<0>;
v0x564c87d43b20_0 .net/2u *"_s32", 32 0, L_0x7f6f6a3454e0;  1 drivers
v0x564c87d43c00_0 .net *"_s34", 32 0, L_0x564c87d5d710;  1 drivers
v0x564c87d43ce0_0 .net *"_s36", 3 0, L_0x564c87d5d850;  1 drivers
v0x564c87d43dc0_0 .net *"_s38", 32 0, L_0x564c87d5d990;  1 drivers
L_0x7f6f6a345528 .functor BUFT 1, C4<000000000000000000000000000000>, C4<0>, C4<0>, C4<0>;
v0x564c87d43f30_0 .net *"_s41", 29 0, L_0x7f6f6a345528;  1 drivers
L_0x7f6f6a345570 .functor BUFT 1, C4<000000000000000000000000000000001>, C4<0>, C4<0>, C4<0>;
v0x564c87d44010_0 .net/2u *"_s42", 32 0, L_0x7f6f6a345570;  1 drivers
v0x564c87d440f0_0 .net *"_s44", 32 0, L_0x564c87d5dad0;  1 drivers
v0x564c87d441d0_0 .net *"_s46", 0 0, L_0x564c87d5d8f0;  1 drivers
v0x564c87d44290_0 .net *"_s48", 3 0, L_0x564c87d5ddb0;  1 drivers
v0x564c87d44370_0 .net *"_s50", 32 0, L_0x564c87d5df10;  1 drivers
L_0x7f6f6a3455b8 .functor BUFT 1, C4<000000000000000000000000000000>, C4<0>, C4<0>, C4<0>;
v0x564c87d44450_0 .net *"_s53", 29 0, L_0x7f6f6a3455b8;  1 drivers
L_0x7f6f6a345600 .functor BUFT 1, C4<000000000000000000000000000000001>, C4<0>, C4<0>, C4<0>;
v0x564c87d44530_0 .net/2u *"_s54", 32 0, L_0x7f6f6a345600;  1 drivers
v0x564c87d44610_0 .net *"_s56", 32 0, L_0x564c87d5e000;  1 drivers
v0x564c87d446f0_0 .net *"_s58", 3 0, L_0x564c87d5e260;  1 drivers
v0x564c87d447d0_0 .net *"_s60", 32 0, L_0x564c87d5e300;  1 drivers
L_0x7f6f6a345648 .functor BUFT 1, C4<000000000000000000000000000000>, C4<0>, C4<0>, C4<0>;
v0x564c87d448b0_0 .net *"_s63", 29 0, L_0x7f6f6a345648;  1 drivers
L_0x7f6f6a345690 .functor BUFT 1, C4<000000000000000000000000000000001>, C4<0>, C4<0>, C4<0>;
v0x564c87d44990_0 .net/2u *"_s64", 32 0, L_0x7f6f6a345690;  1 drivers
v0x564c87d44a70_0 .net *"_s66", 32 0, L_0x564c87d5e480;  1 drivers
v0x564c87d44b50_0 .net *"_s68", 3 0, L_0x564c87d5e610;  1 drivers
v0x564c87d44c30_0 .net *"_s70", 3 0, L_0x564c87d5e840;  1 drivers
v0x564c87d44d10_0 .net *"_s72", 32 0, L_0x564c87d5e8e0;  1 drivers
L_0x7f6f6a3456d8 .functor BUFT 1, C4<000000000000000000000000000000>, C4<0>, C4<0>, C4<0>;
v0x564c87d44df0_0 .net *"_s75", 29 0, L_0x7f6f6a3456d8;  1 drivers
L_0x7f6f6a345720 .functor BUFT 1, C4<000000000000000000000000000000001>, C4<0>, C4<0>, C4<0>;
v0x564c87d44ed0_0 .net/2u *"_s76", 32 0, L_0x7f6f6a345720;  1 drivers
v0x564c87d44fb0_0 .net *"_s78", 32 0, L_0x564c87d5ead0;  1 drivers
v0x564c87d45090_0 .net *"_s80", 3 0, L_0x564c87d5ec60;  1 drivers
v0x564c87d45170_0 .net *"_s82", 32 0, L_0x564c87d5ee10;  1 drivers
L_0x7f6f6a345768 .functor BUFT 1, C4<000000000000000000000000000000>, C4<0>, C4<0>, C4<0>;
v0x564c87d45250_0 .net *"_s85", 29 0, L_0x7f6f6a345768;  1 drivers
L_0x7f6f6a3457b0 .functor BUFT 1, C4<000000000000000000000000000000001>, C4<0>, C4<0>, C4<0>;
v0x564c87d45330_0 .net/2u *"_s86", 32 0, L_0x7f6f6a3457b0;  1 drivers
v0x564c87d45620_0 .net *"_s88", 32 0, L_0x564c87d5ef00;  1 drivers
v0x564c87d45700_0 .net *"_s90", 3 0, L_0x564c87d5f1b0;  1 drivers
v0x564c87d457e0_0 .net *"_s96", 1 0, L_0x564c87d5f4c0;  1 drivers
L_0x7f6f6a3457f8 .functor BUFT 1, C4<0>, C4<0>, C4<0>, C4<0>;
v0x564c87d458c0_0 .net *"_s98", 0 0, L_0x7f6f6a3457f8;  1 drivers
v0x564c87d459a0_0 .net "cur_depth", 2 0, L_0x564c87d5f8d0;  1 drivers
v0x564c87d45a80_0 .net "data", 3 0, L_0x564c87d5f7e0;  1 drivers
v0x564c87d45b60_0 .net "diff", 3 0, L_0x564c87d5f2f0;  1 drivers
L_0x7f6f6a3453c0 .functor BUFT 1, C4<0101>, C4<0>, C4<0>, C4<0>;
v0x564c87d45c40_0 .net "even_mask", 3 0, L_0x7f6f6a3453c0;  1 drivers
v0x564c87d45d20 .array "even_sum", 0 3;
v0x564c87d45d20_0 .net v0x564c87d45d20 0, 3 0, L_0x564c87d4d370; 1 drivers
v0x564c87d45d20_1 .net v0x564c87d45d20 1, 3 0, L_0x564c87d4b5e0; 1 drivers
v0x564c87d45d20_2 .net v0x564c87d45d20 2, 3 0, L_0x564c87d4c270; 1 drivers
v0x564c87d45d20_3 .net v0x564c87d45d20 3, 3 0, L_0x564c87d4cfc0; 1 drivers
v0x564c87d45e60_0 .net "new_depth", 2 0, L_0x564c87d5f560;  1 drivers
L_0x7f6f6a345378 .functor BUFT 1, C4<1010>, C4<0>, C4<0>, C4<0>;
v0x564c87d45f40_0 .net "odd_mask", 3 0, L_0x7f6f6a345378;  1 drivers
L_0x7f6f6a345408 .functor BUFT 1, C4<0000>, C4<0>, C4<0>, C4<0>;
v0x564c87d46020 .array "odd_sum", 0 3;
v0x564c87d46020_0 .net v0x564c87d46020 0, 3 0, L_0x7f6f6a345408; 1 drivers
v0x564c87d46020_1 .net v0x564c87d46020 1, 3 0, L_0x564c87d4af50; 1 drivers
v0x564c87d46020_2 .net v0x564c87d46020 2, 3 0, L_0x564c87d4bc50; 1 drivers
v0x564c87d46020_3 .net v0x564c87d46020 3, 3 0, L_0x564c87d4c910; 1 drivers
L_0x564c87d4aa00 .part L_0x564c87d5f7e0, 1, 1;
L_0x564c87d4ac70 .part L_0x7f6f6a345378, 1, 1;
L_0x564c87d4b040 .part L_0x564c87d5f7e0, 1, 1;
L_0x564c87d4b2a0 .part L_0x7f6f6a3453c0, 1, 1;
L_0x564c87d4b710 .part L_0x564c87d5f7e0, 2, 1;
L_0x564c87d4b940 .part L_0x7f6f6a345378, 2, 1;
L_0x564c87d4bd90 .part L_0x564c87d5f7e0, 2, 1;
L_0x564c87d4bf50 .part L_0x7f6f6a3453c0, 2, 1;
L_0x564c87d4c460 .part L_0x564c87d5f7e0, 3, 1;
L_0x564c87d4c6d0 .part L_0x7f6f6a345378, 3, 1;
L_0x564c87d4cac0 .part L_0x564c87d5f7e0, 3, 1;
L_0x564c87d4ccd0 .part L_0x7f6f6a3453c0, 3, 1;
L_0x564c87d4d2d0 .part L_0x564c87d5f7e0, 0, 1;
L_0x564c87d4d370 .concat [ 1 3 0 0], L_0x564c87d4d2d0, L_0x7f6f6a345450;
L_0x564c87d4d530 .array/port v0x564c87d46020, L_0x564c87d5d710;
L_0x564c87d4d5d0 .concat [ 3 30 0 0], L_0x564c87d5f8d0, L_0x7f6f6a345498;
L_0x564c87d5d710 .arith/sub 33, L_0x564c87d4d5d0, L_0x7f6f6a3454e0;
L_0x564c87d5d850 .array/port v0x564c87d45d20, L_0x564c87d5dad0;
L_0x564c87d5d990 .concat [ 3 30 0 0], L_0x564c87d5f8d0, L_0x7f6f6a345528;
L_0x564c87d5dad0 .arith/sub 33, L_0x564c87d5d990, L_0x7f6f6a345570;
L_0x564c87d5d8f0 .cmp/gt 4, L_0x564c87d4d530, L_0x564c87d5d850;
L_0x564c87d5ddb0 .array/port v0x564c87d46020, L_0x564c87d5e000;
L_0x564c87d5df10 .concat [ 3 30 0 0], L_0x564c87d5f8d0, L_0x7f6f6a3455b8;
L_0x564c87d5e000 .arith/sub 33, L_0x564c87d5df10, L_0x7f6f6a345600;
L_0x564c87d5e260 .array/port v0x564c87d45d20, L_0x564c87d5e480;
L_0x564c87d5e300 .concat [ 3 30 0 0], L_0x564c87d5f8d0, L_0x7f6f6a345648;
L_0x564c87d5e480 .arith/sub 33, L_0x564c87d5e300, L_0x7f6f6a345690;
L_0x564c87d5e610 .arith/sub 4, L_0x564c87d5ddb0, L_0x564c87d5e260;
L_0x564c87d5e840 .array/port v0x564c87d45d20, L_0x564c87d5ead0;
L_0x564c87d5e8e0 .concat [ 3 30 0 0], L_0x564c87d5f8d0, L_0x7f6f6a3456d8;
L_0x564c87d5ead0 .arith/sub 33, L_0x564c87d5e8e0, L_0x7f6f6a345720;
L_0x564c87d5ec60 .array/port v0x564c87d46020, L_0x564c87d5ef00;
L_0x564c87d5ee10 .concat [ 3 30 0 0], L_0x564c87d5f8d0, L_0x7f6f6a345768;
L_0x564c87d5ef00 .arith/sub 33, L_0x564c87d5ee10, L_0x7f6f6a3457b0;
L_0x564c87d5f1b0 .arith/sub 4, L_0x564c87d5e840, L_0x564c87d5ec60;
L_0x564c87d5f2f0 .functor MUXZ 4, L_0x564c87d5f1b0, L_0x564c87d5e610, L_0x564c87d5d8f0, C4<>;
L_0x564c87d5f4c0 .part L_0x564c87d5f8d0, 1, 2;
L_0x564c87d5f560 .concat [ 2 1 0 0], L_0x564c87d5f4c0, L_0x7f6f6a3457f8;
S_0x564c87d40820 .scope generate, "odd_even_sum_gen[1]" "odd_even_sum_gen[1]" 4 30, 4 30 0, S_0x564c87d40490;
 .timescale 0 0;
P_0x564c87d40a30 .param/l "i" 0 4 30, +C4<01>;
L_0x564c87cce220 .functor AND 4, L_0x564c87d4ab00, L_0x564c87d4ad40, C4<1111>, C4<1111>;
L_0x564c87c8e5d0 .functor AND 4, L_0x564c87d4b130, L_0x564c87d4b3d0, C4<1111>, C4<1111>;
L_0x7f6f6a345060 .functor BUFT 1, C4<000>, C4<0>, C4<0>, C4<0>;
v0x564c87d40b10_0 .net *"_s11", 2 0, L_0x7f6f6a345060;  1 drivers
v0x564c87d40bf0_0 .net *"_s12", 3 0, L_0x564c87cce220;  1 drivers
v0x564c87d40cd0_0 .net *"_s18", 0 0, L_0x564c87d4b040;  1 drivers
v0x564c87d40dc0_0 .net *"_s19", 3 0, L_0x564c87d4b130;  1 drivers
v0x564c87d40ea0_0 .net *"_s2", 0 0, L_0x564c87d4aa00;  1 drivers
L_0x7f6f6a3450a8 .functor BUFT 1, C4<000>, C4<0>, C4<0>, C4<0>;
v0x564c87d40fd0_0 .net *"_s22", 2 0, L_0x7f6f6a3450a8;  1 drivers
v0x564c87d410b0_0 .net *"_s23", 0 0, L_0x564c87d4b2a0;  1 drivers
v0x564c87d41190_0 .net *"_s24", 3 0, L_0x564c87d4b3d0;  1 drivers
L_0x7f6f6a3450f0 .functor BUFT 1, C4<000>, C4<0>, C4<0>, C4<0>;
v0x564c87d41270_0 .net *"_s27", 2 0, L_0x7f6f6a3450f0;  1 drivers
v0x564c87d41350_0 .net *"_s28", 3 0, L_0x564c87c8e5d0;  1 drivers
v0x564c87d41430_0 .net *"_s3", 3 0, L_0x564c87d4ab00;  1 drivers
L_0x7f6f6a345018 .functor BUFT 1, C4<000>, C4<0>, C4<0>, C4<0>;
v0x564c87d41510_0 .net *"_s6", 2 0, L_0x7f6f6a345018;  1 drivers
v0x564c87d415f0_0 .net *"_s7", 0 0, L_0x564c87d4ac70;  1 drivers
v0x564c87d416d0_0 .net *"_s8", 3 0, L_0x564c87d4ad40;  1 drivers
L_0x564c87d4ab00 .concat [ 1 3 0 0], L_0x564c87d4aa00, L_0x7f6f6a345018;
L_0x564c87d4ad40 .concat [ 1 3 0 0], L_0x564c87d4ac70, L_0x7f6f6a345060;
L_0x564c87d4af50 .arith/sum 4, L_0x7f6f6a345408, L_0x564c87cce220;
L_0x564c87d4b130 .concat [ 1 3 0 0], L_0x564c87d4b040, L_0x7f6f6a3450a8;
L_0x564c87d4b3d0 .concat [ 1 3 0 0], L_0x564c87d4b2a0, L_0x7f6f6a3450f0;
L_0x564c87d4b5e0 .arith/sum 4, L_0x564c87d4d370, L_0x564c87c8e5d0;
S_0x564c87d417b0 .scope generate, "odd_even_sum_gen[2]" "odd_even_sum_gen[2]" 4 30, 4 30 0, S_0x564c87d40490;
 .timescale 0 0;
P_0x564c87d41970 .param/l "i" 0 4 30, +C4<010>;
L_0x564c87c8e6e0 .functor AND 4, L_0x564c87d4b7b0, L_0x564c87d4ba70, C4<1111>, C4<1111>;
L_0x564c87c8e7f0 .functor AND 4, L_0x564c87d4be30, L_0x564c87d4c090, C4<1111>, C4<1111>;
L_0x7f6f6a345180 .functor BUFT 1, C4<000>, C4<0>, C4<0>, C4<0>;
v0x564c87d41a30_0 .net *"_s11", 2 0, L_0x7f6f6a345180;  1 drivers
v0x564c87d41b10_0 .net *"_s12", 3 0, L_0x564c87c8e6e0;  1 drivers
v0x564c87d41bf0_0 .net *"_s18", 0 0, L_0x564c87d4bd90;  1 drivers
v0x564c87d41cb0_0 .net *"_s19", 3 0, L_0x564c87d4be30;  1 drivers
v0x564c87d41d90_0 .net *"_s2", 0 0, L_0x564c87d4b710;  1 drivers
L_0x7f6f6a3451c8 .functor BUFT 1, C4<000>, C4<0>, C4<0>, C4<0>;
v0x564c87d41ec0_0 .net *"_s22", 2 0, L_0x7f6f6a3451c8;  1 drivers
v0x564c87d41fa0_0 .net *"_s23", 0 0, L_0x564c87d4bf50;  1 drivers
v0x564c87d42080_0 .net *"_s24", 3 0, L_0x564c87d4c090;  1 drivers
L_0x7f6f6a345210 .functor BUFT 1, C4<000>, C4<0>, C4<0>, C4<0>;
v0x564c87d42160_0 .net *"_s27", 2 0, L_0x7f6f6a345210;  1 drivers
v0x564c87d422d0_0 .net *"_s28", 3 0, L_0x564c87c8e7f0;  1 drivers
v0x564c87d423b0_0 .net *"_s3", 3 0, L_0x564c87d4b7b0;  1 drivers
L_0x7f6f6a345138 .functor BUFT 1, C4<000>, C4<0>, C4<0>, C4<0>;
v0x564c87d42490_0 .net *"_s6", 2 0, L_0x7f6f6a345138;  1 drivers
v0x564c87d42570_0 .net *"_s7", 0 0, L_0x564c87d4b940;  1 drivers
v0x564c87d42650_0 .net *"_s8", 3 0, L_0x564c87d4ba70;  1 drivers
L_0x564c87d4b7b0 .concat [ 1 3 0 0], L_0x564c87d4b710, L_0x7f6f6a345138;
L_0x564c87d4ba70 .concat [ 1 3 0 0], L_0x564c87d4b940, L_0x7f6f6a345180;
L_0x564c87d4bc50 .arith/sum 4, L_0x564c87d4af50, L_0x564c87c8e6e0;
L_0x564c87d4be30 .concat [ 1 3 0 0], L_0x564c87d4bd90, L_0x7f6f6a3451c8;
L_0x564c87d4c090 .concat [ 1 3 0 0], L_0x564c87d4bf50, L_0x7f6f6a345210;
L_0x564c87d4c270 .arith/sum 4, L_0x564c87d4b5e0, L_0x564c87c8e7f0;
S_0x564c87d42730 .scope generate, "odd_even_sum_gen[3]" "odd_even_sum_gen[3]" 4 30, 4 30 0, S_0x564c87d40490;
 .timescale 0 0;
P_0x564c87d428d0 .param/l "i" 0 4 30, +C4<011>;
L_0x564c87d4c310 .functor AND 4, L_0x564c87d4c500, L_0x564c87d4c7d0, C4<1111>, C4<1111>;
L_0x564c87d4c9b0 .functor AND 4, L_0x564c87d4cb60, L_0x564c87d4cde0, C4<1111>, C4<1111>;
L_0x7f6f6a3452a0 .functor BUFT 1, C4<000>, C4<0>, C4<0>, C4<0>;
v0x564c87d42990_0 .net *"_s11", 2 0, L_0x7f6f6a3452a0;  1 drivers
v0x564c87d42a70_0 .net *"_s12", 3 0, L_0x564c87d4c310;  1 drivers
v0x564c87d42b50_0 .net *"_s18", 0 0, L_0x564c87d4cac0;  1 drivers
v0x564c87d42c40_0 .net *"_s19", 3 0, L_0x564c87d4cb60;  1 drivers
v0x564c87d42d20_0 .net *"_s2", 0 0, L_0x564c87d4c460;  1 drivers
L_0x7f6f6a3452e8 .functor BUFT 1, C4<000>, C4<0>, C4<0>, C4<0>;
v0x564c87d42e50_0 .net *"_s22", 2 0, L_0x7f6f6a3452e8;  1 drivers
v0x564c87d42f30_0 .net *"_s23", 0 0, L_0x564c87d4ccd0;  1 drivers
v0x564c87d43010_0 .net *"_s24", 3 0, L_0x564c87d4cde0;  1 drivers
L_0x7f6f6a345330 .functor BUFT 1, C4<000>, C4<0>, C4<0>, C4<0>;
v0x564c87d430f0_0 .net *"_s27", 2 0, L_0x7f6f6a345330;  1 drivers
v0x564c87d43260_0 .net *"_s28", 3 0, L_0x564c87d4c9b0;  1 drivers
v0x564c87d43340_0 .net *"_s3", 3 0, L_0x564c87d4c500;  1 drivers
L_0x7f6f6a345258 .functor BUFT 1, C4<000>, C4<0>, C4<0>, C4<0>;
v0x564c87d43420_0 .net *"_s6", 2 0, L_0x7f6f6a345258;  1 drivers
v0x564c87d43500_0 .net *"_s7", 0 0, L_0x564c87d4c6d0;  1 drivers
v0x564c87d435e0_0 .net *"_s8", 3 0, L_0x564c87d4c7d0;  1 drivers
L_0x564c87d4c500 .concat [ 1 3 0 0], L_0x564c87d4c460, L_0x7f6f6a345258;
L_0x564c87d4c7d0 .concat [ 1 3 0 0], L_0x564c87d4c6d0, L_0x7f6f6a3452a0;
L_0x564c87d4c910 .arith/sum 4, L_0x564c87d4bc50, L_0x564c87d4c310;
L_0x564c87d4cb60 .concat [ 1 3 0 0], L_0x564c87d4cac0, L_0x7f6f6a3452e8;
L_0x564c87d4cde0 .concat [ 1 3 0 0], L_0x564c87d4ccd0, L_0x7f6f6a345330;
L_0x564c87d4cfc0 .arith/sum 4, L_0x564c87d4c270, L_0x564c87d4c9b0;
S_0x564c87d46240 .scope generate, "iter_mod_gen[2]" "iter_mod_gen[2]" 3 26, 3 26 0, S_0x564c87d12290;
 .timescale 0 0;
P_0x564c87d463e0 .param/l "i" 0 3 26, +C4<010>;
L_0x564c87d62d90 .part L_0x564c87d5f9c0, 0, 2;
L_0x564c87d62e30 .part L_0x564c87d5fab0, 0, 2;
L_0x564c87d62f20 .part/pv L_0x564c87d62830, 0, 2, 8;
L_0x564c87d63010 .part/pv L_0x564c87d62b50, 0, 2, 4;
S_0x564c87d464a0 .scope module, "diff_even_odd_i" "diff_even_odd" 3 33, 4 1 0, S_0x564c87d46240;
 .timescale 0 0;
    .port_info 0 /INPUT 2 "data"
    .port_info 1 /INPUT 2 "cur_depth"
    .port_info 2 /OUTPUT 2 "diff"
    .port_info 3 /OUTPUT 2 "new_depth"
P_0x564c87d46670 .param/l "DATA_LEN" 0 4 3, C4<00000000000000000000000000000010>;
P_0x564c87d466b0 .param/l "DEPTH_LEN" 0 4 4, C4<00000000000000000000000000000010>;
P_0x564c87d466f0 .param/l "HALF_LEN" 0 4 5, C4<00000000000000000000000000000001>;
v0x564c87d47880_0 .net *"_s13", 0 0, L_0x564c87d60a40;  1 drivers
L_0x7f6f6a345a38 .functor BUFT 1, C4<0>, C4<0>, C4<0>, C4<0>;
v0x564c87d47980_0 .net *"_s17", 0 0, L_0x7f6f6a345a38;  1 drivers
v0x564c87d47a60_0 .net *"_s18", 1 0, L_0x564c87d60cb0;  1 drivers
v0x564c87d47b20_0 .net *"_s20", 32 0, L_0x564c87d60d50;  1 drivers
L_0x7f6f6a345a80 .functor BUFT 1, C4<0000000000000000000000000000000>, C4<0>, C4<0>, C4<0>;
v0x564c87d47c00_0 .net *"_s23", 30 0, L_0x7f6f6a345a80;  1 drivers
L_0x7f6f6a345ac8 .functor BUFT 1, C4<000000000000000000000000000000001>, C4<0>, C4<0>, C4<0>;
v0x564c87d47ce0_0 .net/2u *"_s24", 32 0, L_0x7f6f6a345ac8;  1 drivers
v0x564c87d47dc0_0 .net *"_s26", 32 0, L_0x564c87d60e90;  1 drivers
v0x564c87d47ea0_0 .net *"_s28", 1 0, L_0x564c87d61020;  1 drivers
v0x564c87d47f80_0 .net *"_s30", 32 0, L_0x564c87d61120;  1 drivers
L_0x7f6f6a345b10 .functor BUFT 1, C4<0000000000000000000000000000000>, C4<0>, C4<0>, C4<0>;
v0x564c87d480f0_0 .net *"_s33", 30 0, L_0x7f6f6a345b10;  1 drivers
L_0x7f6f6a345b58 .functor BUFT 1, C4<000000000000000000000000000000001>, C4<0>, C4<0>, C4<0>;
v0x564c87d481d0_0 .net/2u *"_s34", 32 0, L_0x7f6f6a345b58;  1 drivers
v0x564c87d482b0_0 .net *"_s36", 32 0, L_0x564c87d61210;  1 drivers
v0x564c87d48390_0 .net *"_s38", 0 0, L_0x564c87d61410;  1 drivers
v0x564c87d48450_0 .net *"_s40", 1 0, L_0x564c87d61550;  1 drivers
v0x564c87d48530_0 .net *"_s42", 32 0, L_0x564c87d61670;  1 drivers
L_0x7f6f6a345ba0 .functor BUFT 1, C4<0000000000000000000000000000000>, C4<0>, C4<0>, C4<0>;
v0x564c87d48610_0 .net *"_s45", 30 0, L_0x7f6f6a345ba0;  1 drivers
L_0x7f6f6a345be8 .functor BUFT 1, C4<000000000000000000000000000000001>, C4<0>, C4<0>, C4<0>;
v0x564c87d486f0_0 .net/2u *"_s46", 32 0, L_0x7f6f6a345be8;  1 drivers
v0x564c87d487d0_0 .net *"_s48", 32 0, L_0x564c87d61760;  1 drivers
v0x564c87d488b0_0 .net *"_s50", 1 0, L_0x564c87d61980;  1 drivers
v0x564c87d48990_0 .net *"_s52", 32 0, L_0x564c87d61a20;  1 drivers
L_0x7f6f6a345c30 .functor BUFT 1, C4<0000000000000000000000000000000>, C4<0>, C4<0>, C4<0>;
v0x564c87d48a70_0 .net *"_s55", 30 0, L_0x7f6f6a345c30;  1 drivers
L_0x7f6f6a345c78 .functor BUFT 1, C4<000000000000000000000000000000001>, C4<0>, C4<0>, C4<0>;
v0x564c87d48b50_0 .net/2u *"_s56", 32 0, L_0x7f6f6a345c78;  1 drivers
v0x564c87d48c30_0 .net *"_s58", 32 0, L_0x564c87d61b60;  1 drivers
v0x564c87d48d10_0 .net *"_s60", 1 0, L_0x564c87d61cf0;  1 drivers
v0x564c87d48df0_0 .net *"_s62", 1 0, L_0x564c87d61ac0;  1 drivers
v0x564c87d48ed0_0 .net *"_s64", 32 0, L_0x564c87d61ee0;  1 drivers
L_0x7f6f6a345cc0 .functor BUFT 1, C4<0000000000000000000000000000000>, C4<0>, C4<0>, C4<0>;
v0x564c87d48fb0_0 .net *"_s67", 30 0, L_0x7f6f6a345cc0;  1 drivers
L_0x7f6f6a345d08 .functor BUFT 1, C4<000000000000000000000000000000001>, C4<0>, C4<0>, C4<0>;
v0x564c87d49090_0 .net/2u *"_s68", 32 0, L_0x7f6f6a345d08;  1 drivers
v0x564c87d49170_0 .net *"_s70", 32 0, L_0x564c87d62090;  1 drivers
v0x564c87d49250_0 .net *"_s72", 1 0, L_0x564c87d62220;  1 drivers
v0x564c87d49330_0 .net *"_s74", 32 0, L_0x564c87d62390;  1 drivers
L_0x7f6f6a345d50 .functor BUFT 1, C4<0000000000000000000000000000000>, C4<0>, C4<0>, C4<0>;
v0x564c87d49410_0 .net *"_s77", 30 0, L_0x7f6f6a345d50;  1 drivers
L_0x7f6f6a345d98 .functor BUFT 1, C4<000000000000000000000000000000001>, C4<0>, C4<0>, C4<0>;
v0x564c87d494f0_0 .net/2u *"_s78", 32 0, L_0x7f6f6a345d98;  1 drivers
v0x564c87d497e0_0 .net *"_s80", 32 0, L_0x564c87d62480;  1 drivers
v0x564c87d498c0_0 .net *"_s82", 1 0, L_0x564c87d626f0;  1 drivers
v0x564c87d499a0_0 .net *"_s88", 0 0, L_0x564c87d62ab0;  1 drivers
L_0x7f6f6a345de0 .functor BUFT 1, C4<0>, C4<0>, C4<0>, C4<0>;
v0x564c87d49a80_0 .net *"_s90", 0 0, L_0x7f6f6a345de0;  1 drivers
v0x564c87d49b60_0 .net "cur_depth", 1 0, L_0x564c87d62e30;  1 drivers
v0x564c87d49c40_0 .net "data", 1 0, L_0x564c87d62d90;  1 drivers
v0x564c87d49d20_0 .net "diff", 1 0, L_0x564c87d62830;  1 drivers
L_0x7f6f6a3459a8 .functor BUFT 1, C4<01>, C4<0>, C4<0>, C4<0>;
v0x564c87d49e00_0 .net "even_mask", 1 0, L_0x7f6f6a3459a8;  1 drivers
v0x564c87d49ee0 .array "even_sum", 0 1;
v0x564c87d49ee0_0 .net v0x564c87d49ee0 0, 1 0, L_0x564c87d60ae0; 1 drivers
v0x564c87d49ee0_1 .net v0x564c87d49ee0 1, 1 0, L_0x564c87d607b0; 1 drivers
v0x564c87d4a000_0 .net "new_depth", 1 0, L_0x564c87d62b50;  1 drivers
L_0x7f6f6a345960 .functor BUFT 1, C4<10>, C4<0>, C4<0>, C4<0>;
v0x564c87d4a0e0_0 .net "odd_mask", 1 0, L_0x7f6f6a345960;  1 drivers
L_0x7f6f6a3459f0 .functor BUFT 1, C4<00>, C4<0>, C4<0>, C4<0>;
v0x564c87d4a1c0 .array "odd_sum", 0 1;
v0x564c87d4a1c0_0 .net v0x564c87d4a1c0 0, 1 0, L_0x7f6f6a3459f0; 1 drivers
v0x564c87d4a1c0_1 .net v0x564c87d4a1c0 1, 1 0, L_0x564c87d60000; 1 drivers
L_0x564c87d5fba0 .part L_0x564c87d62d90, 1, 1;
L_0x564c87d5fd80 .part L_0x7f6f6a345960, 1, 1;
L_0x564c87d600f0 .part L_0x564c87d62d90, 1, 1;
L_0x564c87d60320 .part L_0x7f6f6a3459a8, 1, 1;
L_0x564c87d60a40 .part L_0x564c87d62d90, 0, 1;
L_0x564c87d60ae0 .concat [ 1 1 0 0], L_0x564c87d60a40, L_0x7f6f6a345a38;
L_0x564c87d60cb0 .array/port v0x564c87d4a1c0, L_0x564c87d60e90;
L_0x564c87d60d50 .concat [ 2 31 0 0], L_0x564c87d62e30, L_0x7f6f6a345a80;
L_0x564c87d60e90 .arith/sub 33, L_0x564c87d60d50, L_0x7f6f6a345ac8;
L_0x564c87d61020 .array/port v0x564c87d49ee0, L_0x564c87d61210;
L_0x564c87d61120 .concat [ 2 31 0 0], L_0x564c87d62e30, L_0x7f6f6a345b10;
L_0x564c87d61210 .arith/sub 33, L_0x564c87d61120, L_0x7f6f6a345b58;
L_0x564c87d61410 .cmp/gt 2, L_0x564c87d60cb0, L_0x564c87d61020;
L_0x564c87d61550 .array/port v0x564c87d4a1c0, L_0x564c87d61760;
L_0x564c87d61670 .concat [ 2 31 0 0], L_0x564c87d62e30, L_0x7f6f6a345ba0;
L_0x564c87d61760 .arith/sub 33, L_0x564c87d61670, L_0x7f6f6a345be8;
L_0x564c87d61980 .array/port v0x564c87d49ee0, L_0x564c87d61b60;
L_0x564c87d61a20 .concat [ 2 31 0 0], L_0x564c87d62e30, L_0x7f6f6a345c30;
L_0x564c87d61b60 .arith/sub 33, L_0x564c87d61a20, L_0x7f6f6a345c78;
L_0x564c87d61cf0 .arith/sub 2, L_0x564c87d61550, L_0x564c87d61980;
L_0x564c87d61ac0 .array/port v0x564c87d49ee0, L_0x564c87d62090;
L_0x564c87d61ee0 .concat [ 2 31 0 0], L_0x564c87d62e30, L_0x7f6f6a345cc0;
L_0x564c87d62090 .arith/sub 33, L_0x564c87d61ee0, L_0x7f6f6a345d08;
L_0x564c87d62220 .array/port v0x564c87d4a1c0, L_0x564c87d62480;
L_0x564c87d62390 .concat [ 2 31 0 0], L_0x564c87d62e30, L_0x7f6f6a345d50;
L_0x564c87d62480 .arith/sub 33, L_0x564c87d62390, L_0x7f6f6a345d98;
L_0x564c87d626f0 .arith/sub 2, L_0x564c87d61ac0, L_0x564c87d62220;
L_0x564c87d62830 .functor MUXZ 2, L_0x564c87d626f0, L_0x564c87d61cf0, L_0x564c87d61410, C4<>;
L_0x564c87d62ab0 .part L_0x564c87d62e30, 1, 1;
L_0x564c87d62b50 .concat [ 1 1 0 0], L_0x564c87d62ab0, L_0x7f6f6a345de0;
S_0x564c87d468f0 .scope generate, "odd_even_sum_gen[1]" "odd_even_sum_gen[1]" 4 30, 4 30 0, S_0x564c87d464a0;
 .timescale 0 0;
P_0x564c87d46b00 .param/l "i" 0 4 30, +C4<01>;
L_0x564c87d4cd70 .functor AND 2, L_0x564c87d5fc40, L_0x564c87d5fe20, C4<11>, C4<11>;
L_0x564c87d4d060 .functor AND 2, L_0x564c87d601e0, L_0x564c87d603c0, C4<11>, C4<11>;
L_0x7f6f6a345888 .functor BUFT 1, C4<0>, C4<0>, C4<0>, C4<0>;
v0x564c87d46be0_0 .net *"_s11", 0 0, L_0x7f6f6a345888;  1 drivers
v0x564c87d46cc0_0 .net *"_s12", 1 0, L_0x564c87d4cd70;  1 drivers
v0x564c87d46da0_0 .net *"_s18", 0 0, L_0x564c87d600f0;  1 drivers
v0x564c87d46e90_0 .net *"_s19", 1 0, L_0x564c87d601e0;  1 drivers
v0x564c87d46f70_0 .net *"_s2", 0 0, L_0x564c87d5fba0;  1 drivers
L_0x7f6f6a3458d0 .functor BUFT 1, C4<0>, C4<0>, C4<0>, C4<0>;
v0x564c87d470a0_0 .net *"_s22", 0 0, L_0x7f6f6a3458d0;  1 drivers
v0x564c87d47180_0 .net *"_s23", 0 0, L_0x564c87d60320;  1 drivers
v0x564c87d47260_0 .net *"_s24", 1 0, L_0x564c87d603c0;  1 drivers
L_0x7f6f6a345918 .functor BUFT 1, C4<0>, C4<0>, C4<0>, C4<0>;
v0x564c87d47340_0 .net *"_s27", 0 0, L_0x7f6f6a345918;  1 drivers
v0x564c87d47420_0 .net *"_s28", 1 0, L_0x564c87d4d060;  1 drivers
v0x564c87d47500_0 .net *"_s3", 1 0, L_0x564c87d5fc40;  1 drivers
L_0x7f6f6a345840 .functor BUFT 1, C4<0>, C4<0>, C4<0>, C4<0>;
v0x564c87d475e0_0 .net *"_s6", 0 0, L_0x7f6f6a345840;  1 drivers
v0x564c87d476c0_0 .net *"_s7", 0 0, L_0x564c87d5fd80;  1 drivers
v0x564c87d477a0_0 .net *"_s8", 1 0, L_0x564c87d5fe20;  1 drivers
L_0x564c87d5fc40 .concat [ 1 1 0 0], L_0x564c87d5fba0, L_0x7f6f6a345840;
L_0x564c87d5fe20 .concat [ 1 1 0 0], L_0x564c87d5fd80, L_0x7f6f6a345888;
L_0x564c87d60000 .arith/sum 2, L_0x7f6f6a3459f0, L_0x564c87d4cd70;
L_0x564c87d601e0 .concat [ 1 1 0 0], L_0x564c87d600f0, L_0x7f6f6a3458d0;
L_0x564c87d603c0 .concat [ 1 1 0 0], L_0x564c87d60320, L_0x7f6f6a345918;
L_0x564c87d607b0 .arith/sum 2, L_0x564c87d60ae0, L_0x564c87d4d060;
    .scope S_0x564c87d1cc20;
T_0 ;
    %pushi/vec4 1, 0, 1;
    %store/vec4 v0x564c87d4a7b0_0, 0, 1;
    %end;
    .thread T_0;
    .scope S_0x564c87d1cc20;
T_1 ;
    %delay 10, 0;
    %load/vec4 v0x564c87d4a7b0_0;
    %inv;
    %store/vec4 v0x564c87d4a7b0_0, 0, 1;
    %jmp T_1;
    .thread T_1;
    .scope S_0x564c87d1cc20;
T_2 ;
    %vpi_call 2 26 "$dumpfile", "dump.vcd" {0 0 0};
    %vpi_call 2 26 "$dumpvars" {0 0 0};
    %delay 10, 0;
    %pushi/vec4 0, 0, 8;
    %store/vec4 v0x564c87d4a870_0, 0, 8;
    %delay 20, 0;
    %vpi_call 2 29 "$display", "%d / 3 ? -  %d \012", v0x564c87d4a870_0, v0x564c87d4a930_0 {0 0 0};
    %delay 20, 0;
    %pushi/vec4 1, 0, 8;
    %store/vec4 v0x564c87d4a870_0, 0, 8;
    %delay 20, 0;
    %vpi_call 2 32 "$display", "%d / 3 ? -  %d \012", v0x564c87d4a870_0, v0x564c87d4a930_0 {0 0 0};
    %delay 20, 0;
    %pushi/vec4 2, 0, 8;
    %store/vec4 v0x564c87d4a870_0, 0, 8;
    %delay 20, 0;
    %vpi_call 2 35 "$display", "%d / 3 ? -  %d \012", v0x564c87d4a870_0, v0x564c87d4a930_0 {0 0 0};
    %delay 20, 0;
    %pushi/vec4 3, 0, 8;
    %store/vec4 v0x564c87d4a870_0, 0, 8;
    %delay 20, 0;
    %vpi_call 2 38 "$display", "%d / 3 ? -  %d \012", v0x564c87d4a870_0, v0x564c87d4a930_0 {0 0 0};
    %delay 20, 0;
    %pushi/vec4 5, 0, 8;
    %store/vec4 v0x564c87d4a870_0, 0, 8;
    %delay 20, 0;
    %vpi_call 2 41 "$display", "%d / 3 ? -  %d \012", v0x564c87d4a870_0, v0x564c87d4a930_0 {0 0 0};
    %delay 20, 0;
    %pushi/vec4 12, 0, 8;
    %store/vec4 v0x564c87d4a870_0, 0, 8;
    %delay 20, 0;
    %vpi_call 2 44 "$display", "%d / 3 ? -  %d \012", v0x564c87d4a870_0, v0x564c87d4a930_0 {0 0 0};
    %delay 20, 0;
    %pushi/vec4 15, 0, 8;
    %store/vec4 v0x564c87d4a870_0, 0, 8;
    %delay 20, 0;
    %vpi_call 2 47 "$display", "%d / 3 ? -  %d \012", v0x564c87d4a870_0, v0x564c87d4a930_0 {0 0 0};
    %delay 20, 0;
    %pushi/vec4 17, 0, 8;
    %store/vec4 v0x564c87d4a870_0, 0, 8;
    %delay 20, 0;
    %vpi_call 2 50 "$display", "%d / 3 ? -  %d \012", v0x564c87d4a870_0, v0x564c87d4a930_0 {0 0 0};
    %vpi_call 2 53 "$finish" {0 0 0};
    %end;
    .thread T_2;
# The file index is used to find the file name in the following table.
:file_names 5;
    "N/A";
    "<interactive>";
    "div3_testbench.v";
    "divisor3.v";
    "diff_even_odd.v";
