#! /usr/bin/vvp
:ivl_version "10.3 (stable)";
:ivl_delay_selection "TYPICAL";
:vpi_time_precision - 10;
:vpi_module "system";
:vpi_module "vhdl_sys";
:vpi_module "v2005_math";
:vpi_module "va_math";
S_0x55752864a1e0 .scope module, "priority_encoder_testbench" "priority_encoder_testbench" 2 3;
 .timescale -9 -10;
P_0x55752864a5b0 .param/l "DATA_LEN" 0 2 5, +C4<00000000000000000000000000001000>;
P_0x55752864a5f0 .param/l "DEPTH_LEN" 0 2 6, +C4<00000000000000000000000000000011>;
v0x557528673440_0 .var "clk", 0 0;
v0x557528673500_0 .var "data_in", 7 0;
v0x5575286735c0_0 .net "first_1_pos", 2 0, L_0x5575286783b0;  1 drivers
S_0x55752864a9c0 .scope module, "priority_encoder" "priority_encoder" 2 18, 3 1 0, S_0x55752864a1e0;
 .timescale 0 0;
    .port_info 0 /INPUT 8 "data_in"
    .port_info 1 /OUTPUT 3 "first_1_pos"
P_0x55752864a000 .param/l "DATA_LEN" 0 3 3, +C4<00000000000000000000000000001000>;
P_0x55752864a040 .param/l "DEPTH_LEN" 0 3 4, +C4<00000000000000000000000000000011>;
L_0x5575286783b0 .functor BUFZ 3, L_0x557528678230, C4<000>, C4<000>, C4<000>;
v0x557528673060_0 .net "data_in", 7 0, v0x557528673500_0;  1 drivers
v0x557528673160_0 .net "first_1_pos", 2 0, L_0x5575286783b0;  alias, 1 drivers
L_0x7f23185fb570 .functor BUFT 1, C4<000>, C4<0>, C4<0>, C4<0>;
v0x557528673240 .array "pos_of_1", 0 7;
v0x557528673240_0 .net v0x557528673240 0, 2 0, L_0x7f23185fb570; 1 drivers
v0x557528673240_1 .net v0x557528673240 1, 2 0, L_0x557528606770; 1 drivers
v0x557528673240_2 .net v0x557528673240 2, 2 0, L_0x557528674530; 1 drivers
v0x557528673240_3 .net v0x557528673240 3, 2 0, L_0x557528674d90; 1 drivers
v0x557528673240_4 .net v0x557528673240 4, 2 0, L_0x557528675ac0; 1 drivers
v0x557528673240_5 .net v0x557528673240 5, 2 0, L_0x557528676820; 1 drivers
v0x557528673240_6 .net v0x557528673240 6, 2 0, L_0x5575286775a0; 1 drivers
v0x557528673240_7 .net v0x557528673240 7, 2 0, L_0x557528678230; 1 drivers
L_0x5575286736f0 .part v0x557528673500_0, 1, 1;
L_0x557528673a10 .part v0x557528673500_0, 1, 1;
L_0x557528673db0 .part v0x557528673500_0, 2, 1;
L_0x557528674130 .part v0x557528673500_0, 2, 1;
L_0x557528674670 .part v0x557528673500_0, 3, 1;
L_0x5575286749b0 .part v0x557528673500_0, 3, 1;
L_0x557528674ed0 .part v0x557528673500_0, 4, 1;
L_0x557528675420 .part v0x557528673500_0, 4, 1;
L_0x557528675bf0 .part v0x557528673500_0, 5, 1;
L_0x557528676190 .part v0x557528673500_0, 5, 1;
L_0x557528676950 .part v0x557528673500_0, 6, 1;
L_0x557528676eb0 .part v0x557528673500_0, 6, 1;
L_0x5575286776d0 .part v0x557528673500_0, 7, 1;
L_0x557528677c30 .part v0x557528673500_0, 7, 1;
S_0x557528649d90 .scope generate, "pos_of_1_gen[1]" "pos_of_1_gen[1]" 3 19, 3 19 0, S_0x55752864a9c0;
 .timescale 0 0;
P_0x55752862fa30 .param/l "i" 0 3 19, +C4<01>;
L_0x7f23185fb018 .functor BUFT 1, C4<001>, C4<0>, C4<0>, C4<0>;
L_0x55752863df50 .functor AND 3, L_0x7f23185fb018, L_0x557528673810, C4<111>, C4<111>;
L_0x55752863e190 .functor NOT 1, L_0x557528673a10, C4<0>, C4<0>, C4<0>;
L_0x557528606530 .functor AND 3, L_0x7f23185fb570, L_0x557528673b00, C4<111>, C4<111>;
L_0x557528606770 .functor OR 3, L_0x55752863df50, L_0x557528606530, C4<000>, C4<000>;
v0x55752861ae00_0 .net/2u *"_s1", 2 0, L_0x7f23185fb018;  1 drivers
v0x55752866d590_0 .net *"_s10", 0 0, L_0x55752863e190;  1 drivers
v0x55752866d670_0 .net *"_s12", 2 0, L_0x557528673b00;  1 drivers
v0x55752866d730_0 .net *"_s14", 2 0, L_0x557528606530;  1 drivers
v0x55752866d810_0 .net *"_s3", 0 0, L_0x5575286736f0;  1 drivers
v0x55752866d940_0 .net *"_s4", 2 0, L_0x557528673810;  1 drivers
v0x55752866da20_0 .net *"_s6", 2 0, L_0x55752863df50;  1 drivers
v0x55752866db00_0 .net *"_s9", 0 0, L_0x557528673a10;  1 drivers
L_0x557528673810 .concat [ 1 1 1 0], L_0x5575286736f0, L_0x5575286736f0, L_0x5575286736f0;
L_0x557528673b00 .concat [ 1 1 1 0], L_0x55752863e190, L_0x55752863e190, L_0x55752863e190;
S_0x55752866dbe0 .scope generate, "pos_of_1_gen[2]" "pos_of_1_gen[2]" 3 19, 3 19 0, S_0x55752864a9c0;
 .timescale 0 0;
P_0x55752866ddf0 .param/l "i" 0 3 19, +C4<010>;
L_0x7f23185fb060 .functor BUFT 1, C4<010>, C4<0>, C4<0>, C4<0>;
L_0x557528674070 .functor AND 3, L_0x7f23185fb060, L_0x557528673ee0, C4<111>, C4<111>;
L_0x557528674200 .functor NOT 1, L_0x557528674130, C4<0>, C4<0>, C4<0>;
L_0x557528674470 .functor AND 3, L_0x557528606770, L_0x5575286742c0, C4<111>, C4<111>;
L_0x557528674530 .functor OR 3, L_0x557528674070, L_0x557528674470, C4<000>, C4<000>;
v0x55752866deb0_0 .net/2u *"_s1", 2 0, L_0x7f23185fb060;  1 drivers
v0x55752866df90_0 .net *"_s10", 0 0, L_0x557528674200;  1 drivers
v0x55752866e070_0 .net *"_s12", 2 0, L_0x5575286742c0;  1 drivers
v0x55752866e130_0 .net *"_s14", 2 0, L_0x557528674470;  1 drivers
v0x55752866e210_0 .net *"_s3", 0 0, L_0x557528673db0;  1 drivers
v0x55752866e340_0 .net *"_s4", 2 0, L_0x557528673ee0;  1 drivers
v0x55752866e420_0 .net *"_s6", 2 0, L_0x557528674070;  1 drivers
v0x55752866e500_0 .net *"_s9", 0 0, L_0x557528674130;  1 drivers
L_0x557528673ee0 .concat [ 1 1 1 0], L_0x557528673db0, L_0x557528673db0, L_0x557528673db0;
L_0x5575286742c0 .concat [ 1 1 1 0], L_0x557528674200, L_0x557528674200, L_0x557528674200;
S_0x55752866e5e0 .scope generate, "pos_of_1_gen[3]" "pos_of_1_gen[3]" 3 19, 3 19 0, S_0x55752864a9c0;
 .timescale 0 0;
P_0x55752866e7d0 .param/l "i" 0 3 19, +C4<011>;
L_0x7f23185fb0a8 .functor BUFT 1, C4<011>, C4<0>, C4<0>, C4<0>;
L_0x5575286748f0 .functor AND 3, L_0x7f23185fb0a8, L_0x557528674710, C4<111>, C4<111>;
L_0x557528674a90 .functor NOT 1, L_0x5575286749b0, C4<0>, C4<0>, C4<0>;
L_0x557528674cd0 .functor AND 3, L_0x557528674530, L_0x557528674b50, C4<111>, C4<111>;
L_0x557528674d90 .functor OR 3, L_0x5575286748f0, L_0x557528674cd0, C4<000>, C4<000>;
v0x55752866e890_0 .net/2u *"_s1", 2 0, L_0x7f23185fb0a8;  1 drivers
v0x55752866e970_0 .net *"_s10", 0 0, L_0x557528674a90;  1 drivers
v0x55752866ea50_0 .net *"_s12", 2 0, L_0x557528674b50;  1 drivers
v0x55752866eb40_0 .net *"_s14", 2 0, L_0x557528674cd0;  1 drivers
v0x55752866ec20_0 .net *"_s3", 0 0, L_0x557528674670;  1 drivers
v0x55752866ed50_0 .net *"_s4", 2 0, L_0x557528674710;  1 drivers
v0x55752866ee30_0 .net *"_s6", 2 0, L_0x5575286748f0;  1 drivers
v0x55752866ef10_0 .net *"_s9", 0 0, L_0x5575286749b0;  1 drivers
L_0x557528674710 .concat [ 1 1 1 0], L_0x557528674670, L_0x557528674670, L_0x557528674670;
L_0x557528674b50 .concat [ 1 1 1 0], L_0x557528674a90, L_0x557528674a90, L_0x557528674a90;
S_0x55752866eff0 .scope generate, "pos_of_1_gen[4]" "pos_of_1_gen[4]" 3 19, 3 19 0, S_0x55752864a9c0;
 .timescale 0 0;
P_0x55752866f1e0 .param/l "i" 0 3 19, +C4<0100>;
L_0x7f23185fb0f0 .functor BUFT 1, C4<0100>, C4<0>, C4<0>, C4<0>;
L_0x5575286751d0 .functor AND 4, L_0x7f23185fb0f0, L_0x557528675090, C4<1111>, C4<1111>;
L_0x557528675510 .functor NOT 1, L_0x557528675420, C4<0>, C4<0>, C4<0>;
L_0x557528675870 .functor AND 4, L_0x5575286752e0, L_0x557528675780, C4<1111>, C4<1111>;
L_0x557528675980 .functor OR 4, L_0x5575286751d0, L_0x557528675870, C4<0000>, C4<0000>;
v0x55752866f2c0_0 .net/2u *"_s1", 3 0, L_0x7f23185fb0f0;  1 drivers
v0x55752866f3a0_0 .net *"_s10", 3 0, L_0x5575286751d0;  1 drivers
v0x55752866f480_0 .net *"_s13", 3 0, L_0x5575286752e0;  1 drivers
L_0x7f23185fb180 .functor BUFT 1, C4<0>, C4<0>, C4<0>, C4<0>;
v0x55752866f540_0 .net *"_s16", 0 0, L_0x7f23185fb180;  1 drivers
v0x55752866f620_0 .net *"_s17", 0 0, L_0x557528675420;  1 drivers
v0x55752866f750_0 .net *"_s18", 0 0, L_0x557528675510;  1 drivers
v0x55752866f830_0 .net *"_s20", 2 0, L_0x5575286755d0;  1 drivers
v0x55752866f910_0 .net *"_s22", 3 0, L_0x557528675780;  1 drivers
L_0x7f23185fb1c8 .functor BUFT 1, C4<0>, C4<0>, C4<0>, C4<0>;
v0x55752866f9f0_0 .net *"_s25", 0 0, L_0x7f23185fb1c8;  1 drivers
v0x55752866fad0_0 .net *"_s26", 3 0, L_0x557528675870;  1 drivers
v0x55752866fbb0_0 .net *"_s28", 3 0, L_0x557528675980;  1 drivers
v0x55752866fc90_0 .net *"_s3", 0 0, L_0x557528674ed0;  1 drivers
v0x55752866fd70_0 .net *"_s4", 2 0, L_0x557528674f70;  1 drivers
v0x55752866fe50_0 .net *"_s6", 3 0, L_0x557528675090;  1 drivers
L_0x7f23185fb138 .functor BUFT 1, C4<0>, C4<0>, C4<0>, C4<0>;
v0x55752866ff30_0 .net *"_s9", 0 0, L_0x7f23185fb138;  1 drivers
L_0x557528674f70 .concat [ 1 1 1 0], L_0x557528674ed0, L_0x557528674ed0, L_0x557528674ed0;
L_0x557528675090 .concat [ 3 1 0 0], L_0x557528674f70, L_0x7f23185fb138;
L_0x5575286752e0 .concat [ 3 1 0 0], L_0x557528674d90, L_0x7f23185fb180;
L_0x5575286755d0 .concat [ 1 1 1 0], L_0x557528675510, L_0x557528675510, L_0x557528675510;
L_0x557528675780 .concat [ 3 1 0 0], L_0x5575286755d0, L_0x7f23185fb1c8;
L_0x557528675ac0 .part L_0x557528675980, 0, 3;
S_0x557528670010 .scope generate, "pos_of_1_gen[5]" "pos_of_1_gen[5]" 3 19, 3 19 0, S_0x55752864a9c0;
 .timescale 0 0;
P_0x557528670200 .param/l "i" 0 3 19, +C4<0101>;
L_0x7f23185fb210 .functor BUFT 1, C4<0101>, C4<0>, C4<0>, C4<0>;
L_0x557528675f90 .functor AND 4, L_0x7f23185fb210, L_0x557528675e10, C4<1111>, C4<1111>;
L_0x557528676290 .functor NOT 1, L_0x557528676190, C4<0>, C4<0>, C4<0>;
L_0x5575286765d0 .functor AND 4, L_0x557528676050, L_0x5575286764e0, C4<1111>, C4<1111>;
L_0x5575286766e0 .functor OR 4, L_0x557528675f90, L_0x5575286765d0, C4<0000>, C4<0000>;
v0x5575286702e0_0 .net/2u *"_s1", 3 0, L_0x7f23185fb210;  1 drivers
v0x5575286703c0_0 .net *"_s10", 3 0, L_0x557528675f90;  1 drivers
v0x5575286704a0_0 .net *"_s13", 3 0, L_0x557528676050;  1 drivers
L_0x7f23185fb2a0 .functor BUFT 1, C4<0>, C4<0>, C4<0>, C4<0>;
v0x557528670560_0 .net *"_s16", 0 0, L_0x7f23185fb2a0;  1 drivers
v0x557528670640_0 .net *"_s17", 0 0, L_0x557528676190;  1 drivers
v0x557528670770_0 .net *"_s18", 0 0, L_0x557528676290;  1 drivers
v0x557528670850_0 .net *"_s20", 2 0, L_0x557528676300;  1 drivers
v0x557528670930_0 .net *"_s22", 3 0, L_0x5575286764e0;  1 drivers
L_0x7f23185fb2e8 .functor BUFT 1, C4<0>, C4<0>, C4<0>, C4<0>;
v0x557528670a10_0 .net *"_s25", 0 0, L_0x7f23185fb2e8;  1 drivers
v0x557528670af0_0 .net *"_s26", 3 0, L_0x5575286765d0;  1 drivers
v0x557528670bd0_0 .net *"_s28", 3 0, L_0x5575286766e0;  1 drivers
v0x557528670cb0_0 .net *"_s3", 0 0, L_0x557528675bf0;  1 drivers
v0x557528670d90_0 .net *"_s4", 2 0, L_0x557528675c90;  1 drivers
v0x557528670e70_0 .net *"_s6", 3 0, L_0x557528675e10;  1 drivers
L_0x7f23185fb258 .functor BUFT 1, C4<0>, C4<0>, C4<0>, C4<0>;
v0x557528670f50_0 .net *"_s9", 0 0, L_0x7f23185fb258;  1 drivers
L_0x557528675c90 .concat [ 1 1 1 0], L_0x557528675bf0, L_0x557528675bf0, L_0x557528675bf0;
L_0x557528675e10 .concat [ 3 1 0 0], L_0x557528675c90, L_0x7f23185fb258;
L_0x557528676050 .concat [ 3 1 0 0], L_0x557528675ac0, L_0x7f23185fb2a0;
L_0x557528676300 .concat [ 1 1 1 0], L_0x557528676290, L_0x557528676290, L_0x557528676290;
L_0x5575286764e0 .concat [ 3 1 0 0], L_0x557528676300, L_0x7f23185fb2e8;
L_0x557528676820 .part L_0x5575286766e0, 0, 3;
S_0x557528671030 .scope generate, "pos_of_1_gen[6]" "pos_of_1_gen[6]" 3 19, 3 19 0, S_0x55752864a9c0;
 .timescale 0 0;
P_0x5575286711d0 .param/l "i" 0 3 19, +C4<0110>;
L_0x7f23185fb330 .functor BUFT 1, C4<0110>, C4<0>, C4<0>, C4<0>;
L_0x557528676c60 .functor AND 4, L_0x7f23185fb330, L_0x557528676b70, C4<1111>, C4<1111>;
L_0x557528676fc0 .functor NOT 1, L_0x557528676eb0, C4<0>, C4<0>, C4<0>;
L_0x557528677350 .functor AND 4, L_0x557528676d70, L_0x557528677260, C4<1111>, C4<1111>;
L_0x557528677460 .functor OR 4, L_0x557528676c60, L_0x557528677350, C4<0000>, C4<0000>;
v0x5575286712b0_0 .net/2u *"_s1", 3 0, L_0x7f23185fb330;  1 drivers
v0x557528671390_0 .net *"_s10", 3 0, L_0x557528676c60;  1 drivers
v0x557528671470_0 .net *"_s13", 3 0, L_0x557528676d70;  1 drivers
L_0x7f23185fb3c0 .functor BUFT 1, C4<0>, C4<0>, C4<0>, C4<0>;
v0x557528671530_0 .net *"_s16", 0 0, L_0x7f23185fb3c0;  1 drivers
v0x557528671610_0 .net *"_s17", 0 0, L_0x557528676eb0;  1 drivers
v0x557528671740_0 .net *"_s18", 0 0, L_0x557528676fc0;  1 drivers
v0x557528671820_0 .net *"_s20", 2 0, L_0x557528677080;  1 drivers
v0x557528671900_0 .net *"_s22", 3 0, L_0x557528677260;  1 drivers
L_0x7f23185fb408 .functor BUFT 1, C4<0>, C4<0>, C4<0>, C4<0>;
v0x5575286719e0_0 .net *"_s25", 0 0, L_0x7f23185fb408;  1 drivers
v0x557528671ac0_0 .net *"_s26", 3 0, L_0x557528677350;  1 drivers
v0x557528671ba0_0 .net *"_s28", 3 0, L_0x557528677460;  1 drivers
v0x557528671c80_0 .net *"_s3", 0 0, L_0x557528676950;  1 drivers
v0x557528671d60_0 .net *"_s4", 2 0, L_0x5575286769f0;  1 drivers
v0x557528671e40_0 .net *"_s6", 3 0, L_0x557528676b70;  1 drivers
L_0x7f23185fb378 .functor BUFT 1, C4<0>, C4<0>, C4<0>, C4<0>;
v0x557528671f20_0 .net *"_s9", 0 0, L_0x7f23185fb378;  1 drivers
L_0x5575286769f0 .concat [ 1 1 1 0], L_0x557528676950, L_0x557528676950, L_0x557528676950;
L_0x557528676b70 .concat [ 3 1 0 0], L_0x5575286769f0, L_0x7f23185fb378;
L_0x557528676d70 .concat [ 3 1 0 0], L_0x557528676820, L_0x7f23185fb3c0;
L_0x557528677080 .concat [ 1 1 1 0], L_0x557528676fc0, L_0x557528676fc0, L_0x557528676fc0;
L_0x557528677260 .concat [ 3 1 0 0], L_0x557528677080, L_0x7f23185fb408;
L_0x5575286775a0 .part L_0x557528677460, 0, 3;
S_0x557528672000 .scope generate, "pos_of_1_gen[7]" "pos_of_1_gen[7]" 3 19, 3 19 0, S_0x55752864a9c0;
 .timescale 0 0;
P_0x5575286721a0 .param/l "i" 0 3 19, +C4<0111>;
L_0x7f23185fb450 .functor BUFT 1, C4<0111>, C4<0>, C4<0>, C4<0>;
L_0x5575286779e0 .functor AND 4, L_0x7f23185fb450, L_0x5575286778f0, C4<1111>, C4<1111>;
L_0x557528676f50 .functor NOT 1, L_0x557528677c30, C4<0>, C4<0>, C4<0>;
L_0x557528677fe0 .functor AND 4, L_0x557528677af0, L_0x557528677ef0, C4<1111>, C4<1111>;
L_0x5575286780f0 .functor OR 4, L_0x5575286779e0, L_0x557528677fe0, C4<0000>, C4<0000>;
v0x557528672280_0 .net/2u *"_s1", 3 0, L_0x7f23185fb450;  1 drivers
v0x557528672360_0 .net *"_s10", 3 0, L_0x5575286779e0;  1 drivers
v0x557528672440_0 .net *"_s13", 3 0, L_0x557528677af0;  1 drivers
L_0x7f23185fb4e0 .functor BUFT 1, C4<0>, C4<0>, C4<0>, C4<0>;
v0x557528672500_0 .net *"_s16", 0 0, L_0x7f23185fb4e0;  1 drivers
v0x5575286725e0_0 .net *"_s17", 0 0, L_0x557528677c30;  1 drivers
v0x557528672710_0 .net *"_s18", 0 0, L_0x557528676f50;  1 drivers
v0x5575286727f0_0 .net *"_s20", 2 0, L_0x557528677da0;  1 drivers
v0x5575286728d0_0 .net *"_s22", 3 0, L_0x557528677ef0;  1 drivers
L_0x7f23185fb528 .functor BUFT 1, C4<0>, C4<0>, C4<0>, C4<0>;
v0x5575286729b0_0 .net *"_s25", 0 0, L_0x7f23185fb528;  1 drivers
v0x557528672b20_0 .net *"_s26", 3 0, L_0x557528677fe0;  1 drivers
v0x557528672c00_0 .net *"_s28", 3 0, L_0x5575286780f0;  1 drivers
v0x557528672ce0_0 .net *"_s3", 0 0, L_0x5575286776d0;  1 drivers
v0x557528672dc0_0 .net *"_s4", 2 0, L_0x557528677770;  1 drivers
v0x557528672ea0_0 .net *"_s6", 3 0, L_0x5575286778f0;  1 drivers
L_0x7f23185fb498 .functor BUFT 1, C4<0>, C4<0>, C4<0>, C4<0>;
v0x557528672f80_0 .net *"_s9", 0 0, L_0x7f23185fb498;  1 drivers
L_0x557528677770 .concat [ 1 1 1 0], L_0x5575286776d0, L_0x5575286776d0, L_0x5575286776d0;
L_0x5575286778f0 .concat [ 3 1 0 0], L_0x557528677770, L_0x7f23185fb498;
L_0x557528677af0 .concat [ 3 1 0 0], L_0x5575286775a0, L_0x7f23185fb4e0;
L_0x557528677da0 .concat [ 1 1 1 0], L_0x557528676f50, L_0x557528676f50, L_0x557528676f50;
L_0x557528677ef0 .concat [ 3 1 0 0], L_0x557528677da0, L_0x7f23185fb528;
L_0x557528678230 .part L_0x5575286780f0, 0, 3;
    .scope S_0x55752864a1e0;
T_0 ;
    %pushi/vec4 1, 0, 1;
    %store/vec4 v0x557528673440_0, 0, 1;
    %end;
    .thread T_0;
    .scope S_0x55752864a1e0;
T_1 ;
    %delay 10, 0;
    %load/vec4 v0x557528673440_0;
    %inv;
    %store/vec4 v0x557528673440_0, 0, 1;
    %jmp T_1;
    .thread T_1;
    .scope S_0x55752864a1e0;
T_2 ;
    %delay 10, 0;
    %pushi/vec4 0, 0, 8;
    %store/vec4 v0x557528673500_0, 0, 8;
    %delay 20, 0;
    %vpi_call 2 26 "$display", "first 1 of %b is %d \012", v0x557528673500_0, v0x5575286735c0_0 {0 0 0};
    %delay 10, 0;
    %pushi/vec4 1, 0, 8;
    %store/vec4 v0x557528673500_0, 0, 8;
    %delay 20, 0;
    %vpi_call 2 29 "$display", "first 1 of %b is %d \012", v0x557528673500_0, v0x5575286735c0_0 {0 0 0};
    %delay 10, 0;
    %pushi/vec4 2, 0, 8;
    %store/vec4 v0x557528673500_0, 0, 8;
    %delay 20, 0;
    %vpi_call 2 32 "$display", "first 1 of %b is %d \012", v0x557528673500_0, v0x5575286735c0_0 {0 0 0};
    %delay 10, 0;
    %pushi/vec4 5, 0, 8;
    %store/vec4 v0x557528673500_0, 0, 8;
    %delay 20, 0;
    %vpi_call 2 35 "$display", "first 1 of %b is %d \012", v0x557528673500_0, v0x5575286735c0_0 {0 0 0};
    %delay 10, 0;
    %pushi/vec4 9, 0, 8;
    %store/vec4 v0x557528673500_0, 0, 8;
    %delay 20, 0;
    %vpi_call 2 38 "$display", "first 1 of %b is %d \012", v0x557528673500_0, v0x5575286735c0_0 {0 0 0};
    %delay 10, 0;
    %pushi/vec4 12, 0, 8;
    %store/vec4 v0x557528673500_0, 0, 8;
    %delay 20, 0;
    %vpi_call 2 41 "$display", "first 1 of %b is %d \012", v0x557528673500_0, v0x5575286735c0_0 {0 0 0};
    %delay 10, 0;
    %pushi/vec4 125, 0, 8;
    %store/vec4 v0x557528673500_0, 0, 8;
    %delay 20, 0;
    %vpi_call 2 44 "$display", "first 1 of %b is %d \012", v0x557528673500_0, v0x5575286735c0_0 {0 0 0};
    %delay 10, 0;
    %pushi/vec4 100, 0, 8;
    %store/vec4 v0x557528673500_0, 0, 8;
    %delay 20, 0;
    %vpi_call 2 47 "$display", "first 1 of %b is %d \012", v0x557528673500_0, v0x5575286735c0_0 {0 0 0};
    %vpi_call 2 49 "$finish" {0 0 0};
    %end;
    .thread T_2;
# The file index is used to find the file name in the following table.
:file_names 4;
    "N/A";
    "<interactive>";
    "priority_encoder_testbench.v";
    "priority_encoder.v";
