#! /usr/bin/vvp
:ivl_version "10.3 (stable)";
:ivl_delay_selection "TYPICAL";
:vpi_time_precision - 10;
:vpi_module "system";
:vpi_module "vhdl_sys";
:vpi_module "v2005_math";
:vpi_module "va_math";
S_0x55fd4159b170 .scope module, "task3" "task3" 2 3;
 .timescale -9 -10;
v0x55fd415acae0_0 .var "a", 7 0;
v0x55fd415acd50_0 .var "b", 7 0;
v0x55fd415e09a0_0 .var "c", 7 0;
v0x55fd415e0a60_0 .var "clk", 0 0;
v0x55fd415e0b20_0 .var "rst", 0 0;
E_0x55fd4159bb00 .event posedge, v0x55fd415e0a60_0;
    .scope S_0x55fd4159b170;
T_0 ;
    %vpi_call 2 10 "$dumpfile", "dump.vcd" {0 0 0};
    %vpi_call 2 10 "$dumpvars" {0 0 0};
    %pushi/vec4 0, 0, 1;
    %store/vec4 v0x55fd415e0a60_0, 0, 1;
    %pushi/vec4 1, 0, 1;
    %store/vec4 v0x55fd415e0b20_0, 0, 1;
    %delay 20, 0;
    %wait E_0x55fd4159bb00;
    %wait E_0x55fd4159bb00;
    %delay 10, 0;
    %pushi/vec4 0, 0, 1;
    %store/vec4 v0x55fd415e0b20_0, 0, 1;
    %delay 110, 0;
    %vpi_call 2 19 "$finish" {0 0 0};
    %end;
    .thread T_0;
    .scope S_0x55fd4159b170;
T_1 ;
    %delay 10, 0;
    %load/vec4 v0x55fd415e0a60_0;
    %inv;
    %store/vec4 v0x55fd415e0a60_0, 0, 1;
    %jmp T_1;
    .thread T_1;
    .scope S_0x55fd4159b170;
T_2 ;
    %wait E_0x55fd4159bb00;
    %load/vec4 v0x55fd415e0b20_0;
    %flag_set/vec4 8;
    %jmp/0 T_2.0, 8;
    %pushi/vec4 0, 0, 8;
    %jmp/1 T_2.1, 8;
T_2.0 ; End of true expr.
    %load/vec4 v0x55fd415acae0_0;
    %load/vec4 v0x55fd415acd50_0;
    %add;
    %jmp/0 T_2.1, 8;
 ; End of false expr.
    %blend;
T_2.1;
    %store/vec4 v0x55fd415acae0_0, 0, 8;
    %load/vec4 v0x55fd415e0b20_0;
    %flag_set/vec4 8;
    %jmp/0 T_2.2, 8;
    %pushi/vec4 1, 0, 8;
    %jmp/1 T_2.3, 8;
T_2.2 ; End of true expr.
    %load/vec4 v0x55fd415acae0_0;
    %load/vec4 v0x55fd415acd50_0;
    %sub;
    %load/vec4 v0x55fd415e09a0_0;
    %add;
    %subi 2, 0, 8;
    %jmp/0 T_2.3, 8;
 ; End of false expr.
    %blend;
T_2.3;
    %assign/vec4 v0x55fd415acd50_0, 0;
    %load/vec4 v0x55fd415acd50_0;
    %addi 1, 0, 8;
    %store/vec4 v0x55fd415e09a0_0, 0, 8;
    %jmp T_2;
    .thread T_2;
# The file index is used to find the file name in the following table.
:file_names 3;
    "N/A";
    "<interactive>";
    "task3.v";
