#! /usr/bin/vvp
:ivl_version "10.3 (stable)";
:ivl_delay_selection "TYPICAL";
:vpi_time_precision - 10;
:vpi_module "system";
:vpi_module "vhdl_sys";
:vpi_module "v2005_math";
:vpi_module "va_math";
S_0x55a261ed1af0 .scope module, "log2_testbench" "log2_testbench" 2 3;
 .timescale -9 -10;
P_0x55a261ed1ec0 .param/l "DATA_LEN" 0 2 5, +C4<00000000000000000000000000001000>;
P_0x55a261ed1f00 .param/l "EXPN_LEN" 0 2 6, +C4<00000000000000000000000000000011>;
v0x55a261effca0_0 .var "clk", 0 0;
v0x55a261effd60_0 .var "data_in", 7 0;
v0x55a261effe20_0 .net "exponent", 2 0, L_0x55a261f02a50;  1 drivers
S_0x55a261ed22d0 .scope module, "log2" "log2" 2 18, 3 1 0, S_0x55a261ed1af0;
 .timescale 0 0;
    .port_info 0 /INPUT 8 "data_in"
    .port_info 1 /OUTPUT 3 "exponent"
P_0x55a261ed1910 .param/l "DATA_LEN" 0 3 3, +C4<00000000000000000000000000001000>;
P_0x55a261ed1950 .param/l "EXPN_LEN" 0 3 4, +C4<00000000000000000000000000000011>;
L_0x55a261f02a50 .functor BUFZ 3, L_0x55a261f028e0, C4<000>, C4<000>, C4<000>;
v0x55a261eff8c0_0 .net "data_in", 7 0, v0x55a261effd60_0;  1 drivers
v0x55a261eff9c0_0 .net "exponent", 2 0, L_0x55a261f02a50;  alias, 1 drivers
L_0x7f2bd2071450 .functor BUFT 1, C4<000>, C4<0>, C4<0>, C4<0>;
v0x55a261effaa0 .array "pos_of_1", 0 7;
v0x55a261effaa0_0 .net v0x55a261effaa0 0, 2 0, L_0x7f2bd2071450; 1 drivers
v0x55a261effaa0_1 .net v0x55a261effaa0 1, 2 0, L_0x55a261ed5e60; 1 drivers
v0x55a261effaa0_2 .net v0x55a261effaa0 2, 2 0, L_0x55a261e9e770; 1 drivers
v0x55a261effaa0_3 .net v0x55a261effaa0 3, 2 0, L_0x55a261f009e0; 1 drivers
v0x55a261effaa0_4 .net v0x55a261effaa0 4, 2 0, L_0x55a261f01210; 1 drivers
v0x55a261effaa0_5 .net v0x55a261effaa0 5, 2 0, L_0x55a261f019e0; 1 drivers
v0x55a261effaa0_6 .net v0x55a261effaa0 6, 2 0, L_0x55a261f021b0; 1 drivers
v0x55a261effaa0_7 .net v0x55a261effaa0 7, 2 0, L_0x55a261f028e0; 1 drivers
L_0x55a261efff50 .part v0x55a261effd60_0, 1, 1;
L_0x55a261f002c0 .part v0x55a261effd60_0, 2, 1;
L_0x55a261f00660 .part v0x55a261effd60_0, 3, 1;
L_0x55a261f00af0 .part v0x55a261effd60_0, 4, 1;
L_0x55a261f01330 .part v0x55a261effd60_0, 5, 1;
L_0x55a261f01b00 .part v0x55a261effd60_0, 6, 1;
L_0x55a261f022d0 .part v0x55a261effd60_0, 7, 1;
S_0x55a261ed16a0 .scope generate, "pos_of_1_gen[1]" "pos_of_1_gen[1]" 3 19, 3 19 0, S_0x55a261ed22d0;
 .timescale 0 0;
P_0x55a261ec6f50 .param/l "i" 0 3 19, +C4<01>;
L_0x7f2bd2071018 .functor BUFT 1, C4<001>, C4<0>, C4<0>, C4<0>;
L_0x55a261ed5c20 .functor AND 3, L_0x7f2bd2071018, L_0x55a261f00070, C4<111>, C4<111>;
L_0x55a261ed5e60 .functor OR 3, L_0x55a261ed5c20, L_0x7f2bd2071450, C4<000>, C4<000>;
v0x55a261ed09a0_0 .net/2u *"_s1", 2 0, L_0x7f2bd2071018;  1 drivers
v0x55a261efbdd0_0 .net *"_s3", 0 0, L_0x55a261efff50;  1 drivers
v0x55a261efbeb0_0 .net *"_s4", 2 0, L_0x55a261f00070;  1 drivers
v0x55a261efbf70_0 .net *"_s6", 2 0, L_0x55a261ed5c20;  1 drivers
L_0x55a261f00070 .concat [ 1 1 1 0], L_0x55a261efff50, L_0x55a261efff50, L_0x55a261efff50;
S_0x55a261efc050 .scope generate, "pos_of_1_gen[2]" "pos_of_1_gen[2]" 3 19, 3 19 0, S_0x55a261ed22d0;
 .timescale 0 0;
P_0x55a261efc260 .param/l "i" 0 3 19, +C4<010>;
L_0x7f2bd2071060 .functor BUFT 1, C4<010>, C4<0>, C4<0>, C4<0>;
L_0x55a261e9e530 .functor AND 3, L_0x7f2bd2071060, L_0x55a261f00390, C4<111>, C4<111>;
L_0x55a261e9e770 .functor OR 3, L_0x55a261e9e530, L_0x55a261ed5e60, C4<000>, C4<000>;
v0x55a261efc320_0 .net/2u *"_s1", 2 0, L_0x7f2bd2071060;  1 drivers
v0x55a261efc400_0 .net *"_s3", 0 0, L_0x55a261f002c0;  1 drivers
v0x55a261efc4e0_0 .net *"_s4", 2 0, L_0x55a261f00390;  1 drivers
v0x55a261efc5d0_0 .net *"_s6", 2 0, L_0x55a261e9e530;  1 drivers
L_0x55a261f00390 .concat [ 1 1 1 0], L_0x55a261f002c0, L_0x55a261f002c0, L_0x55a261f002c0;
S_0x55a261efc6b0 .scope generate, "pos_of_1_gen[3]" "pos_of_1_gen[3]" 3 19, 3 19 0, S_0x55a261ed22d0;
 .timescale 0 0;
P_0x55a261efc8d0 .param/l "i" 0 3 19, +C4<011>;
L_0x7f2bd20710a8 .functor BUFT 1, C4<011>, C4<0>, C4<0>, C4<0>;
L_0x55a261f00920 .functor AND 3, L_0x7f2bd20710a8, L_0x55a261f00790, C4<111>, C4<111>;
L_0x55a261f009e0 .functor OR 3, L_0x55a261f00920, L_0x55a261e9e770, C4<000>, C4<000>;
v0x55a261efc990_0 .net/2u *"_s1", 2 0, L_0x7f2bd20710a8;  1 drivers
v0x55a261efca70_0 .net *"_s3", 0 0, L_0x55a261f00660;  1 drivers
v0x55a261efcb50_0 .net *"_s4", 2 0, L_0x55a261f00790;  1 drivers
v0x55a261efcc40_0 .net *"_s6", 2 0, L_0x55a261f00920;  1 drivers
L_0x55a261f00790 .concat [ 1 1 1 0], L_0x55a261f00660, L_0x55a261f00660, L_0x55a261f00660;
S_0x55a261efcd20 .scope generate, "pos_of_1_gen[4]" "pos_of_1_gen[4]" 3 19, 3 19 0, S_0x55a261ed22d0;
 .timescale 0 0;
P_0x55a261efcf10 .param/l "i" 0 3 19, +C4<0100>;
L_0x7f2bd20710f0 .functor BUFT 1, C4<0100>, C4<0>, C4<0>, C4<0>;
L_0x55a261f00eb0 .functor AND 4, L_0x7f2bd20710f0, L_0x55a261f00d70, C4<1111>, C4<1111>;
L_0x55a261f01100 .functor OR 4, L_0x55a261f00eb0, L_0x55a261f00fc0, C4<0000>, C4<0000>;
v0x55a261efcff0_0 .net/2u *"_s1", 3 0, L_0x7f2bd20710f0;  1 drivers
v0x55a261efd0d0_0 .net *"_s10", 3 0, L_0x55a261f00eb0;  1 drivers
v0x55a261efd1b0_0 .net *"_s13", 3 0, L_0x55a261f00fc0;  1 drivers
L_0x7f2bd2071180 .functor BUFT 1, C4<0>, C4<0>, C4<0>, C4<0>;
v0x55a261efd2a0_0 .net *"_s16", 0 0, L_0x7f2bd2071180;  1 drivers
v0x55a261efd380_0 .net *"_s17", 3 0, L_0x55a261f01100;  1 drivers
v0x55a261efd4b0_0 .net *"_s3", 0 0, L_0x55a261f00af0;  1 drivers
v0x55a261efd590_0 .net *"_s4", 2 0, L_0x55a261f00bc0;  1 drivers
v0x55a261efd670_0 .net *"_s6", 3 0, L_0x55a261f00d70;  1 drivers
L_0x7f2bd2071138 .functor BUFT 1, C4<0>, C4<0>, C4<0>, C4<0>;
v0x55a261efd750_0 .net *"_s9", 0 0, L_0x7f2bd2071138;  1 drivers
L_0x55a261f00bc0 .concat [ 1 1 1 0], L_0x55a261f00af0, L_0x55a261f00af0, L_0x55a261f00af0;
L_0x55a261f00d70 .concat [ 3 1 0 0], L_0x55a261f00bc0, L_0x7f2bd2071138;
L_0x55a261f00fc0 .concat [ 3 1 0 0], L_0x55a261f009e0, L_0x7f2bd2071180;
L_0x55a261f01210 .part L_0x55a261f01100, 0, 3;
S_0x55a261efd830 .scope generate, "pos_of_1_gen[5]" "pos_of_1_gen[5]" 3 19, 3 19 0, S_0x55a261ed22d0;
 .timescale 0 0;
P_0x55a261efda20 .param/l "i" 0 3 19, +C4<0101>;
L_0x7f2bd20711c8 .functor BUFT 1, C4<0101>, C4<0>, C4<0>, C4<0>;
L_0x55a261f01640 .functor AND 4, L_0x7f2bd20711c8, L_0x55a261f01550, C4<1111>, C4<1111>;
L_0x55a261f01920 .functor OR 4, L_0x55a261f01640, L_0x55a261f01750, C4<0000>, C4<0000>;
v0x55a261efdb00_0 .net/2u *"_s1", 3 0, L_0x7f2bd20711c8;  1 drivers
v0x55a261efdbe0_0 .net *"_s10", 3 0, L_0x55a261f01640;  1 drivers
v0x55a261efdcc0_0 .net *"_s13", 3 0, L_0x55a261f01750;  1 drivers
L_0x7f2bd2071258 .functor BUFT 1, C4<0>, C4<0>, C4<0>, C4<0>;
v0x55a261efdd80_0 .net *"_s16", 0 0, L_0x7f2bd2071258;  1 drivers
v0x55a261efde60_0 .net *"_s17", 3 0, L_0x55a261f01920;  1 drivers
v0x55a261efdf90_0 .net *"_s3", 0 0, L_0x55a261f01330;  1 drivers
v0x55a261efe070_0 .net *"_s4", 2 0, L_0x55a261f013d0;  1 drivers
v0x55a261efe150_0 .net *"_s6", 3 0, L_0x55a261f01550;  1 drivers
L_0x7f2bd2071210 .functor BUFT 1, C4<0>, C4<0>, C4<0>, C4<0>;
v0x55a261efe230_0 .net *"_s9", 0 0, L_0x7f2bd2071210;  1 drivers
L_0x55a261f013d0 .concat [ 1 1 1 0], L_0x55a261f01330, L_0x55a261f01330, L_0x55a261f01330;
L_0x55a261f01550 .concat [ 3 1 0 0], L_0x55a261f013d0, L_0x7f2bd2071210;
L_0x55a261f01750 .concat [ 3 1 0 0], L_0x55a261f01210, L_0x7f2bd2071258;
L_0x55a261f019e0 .part L_0x55a261f01920, 0, 3;
S_0x55a261efe310 .scope generate, "pos_of_1_gen[6]" "pos_of_1_gen[6]" 3 19, 3 19 0, S_0x55a261ed22d0;
 .timescale 0 0;
P_0x55a261efe4b0 .param/l "i" 0 3 19, +C4<0110>;
L_0x7f2bd20712a0 .functor BUFT 1, C4<0110>, C4<0>, C4<0>, C4<0>;
L_0x55a261f01e50 .functor AND 4, L_0x7f2bd20712a0, L_0x55a261f01d60, C4<1111>, C4<1111>;
L_0x55a261f020a0 .functor OR 4, L_0x55a261f01e50, L_0x55a261f01f60, C4<0000>, C4<0000>;
v0x55a261efe590_0 .net/2u *"_s1", 3 0, L_0x7f2bd20712a0;  1 drivers
v0x55a261efe670_0 .net *"_s10", 3 0, L_0x55a261f01e50;  1 drivers
v0x55a261efe750_0 .net *"_s13", 3 0, L_0x55a261f01f60;  1 drivers
L_0x7f2bd2071330 .functor BUFT 1, C4<0>, C4<0>, C4<0>, C4<0>;
v0x55a261efe810_0 .net *"_s16", 0 0, L_0x7f2bd2071330;  1 drivers
v0x55a261efe8f0_0 .net *"_s17", 3 0, L_0x55a261f020a0;  1 drivers
v0x55a261efea20_0 .net *"_s3", 0 0, L_0x55a261f01b00;  1 drivers
v0x55a261efeb00_0 .net *"_s4", 2 0, L_0x55a261f01be0;  1 drivers
v0x55a261efebe0_0 .net *"_s6", 3 0, L_0x55a261f01d60;  1 drivers
L_0x7f2bd20712e8 .functor BUFT 1, C4<0>, C4<0>, C4<0>, C4<0>;
v0x55a261efecc0_0 .net *"_s9", 0 0, L_0x7f2bd20712e8;  1 drivers
L_0x55a261f01be0 .concat [ 1 1 1 0], L_0x55a261f01b00, L_0x55a261f01b00, L_0x55a261f01b00;
L_0x55a261f01d60 .concat [ 3 1 0 0], L_0x55a261f01be0, L_0x7f2bd20712e8;
L_0x55a261f01f60 .concat [ 3 1 0 0], L_0x55a261f019e0, L_0x7f2bd2071330;
L_0x55a261f021b0 .part L_0x55a261f020a0, 0, 3;
S_0x55a261efeda0 .scope generate, "pos_of_1_gen[7]" "pos_of_1_gen[7]" 3 19, 3 19 0, S_0x55a261ed22d0;
 .timescale 0 0;
P_0x55a261efef40 .param/l "i" 0 3 19, +C4<0111>;
L_0x7f2bd2071378 .functor BUFT 1, C4<0111>, C4<0>, C4<0>, C4<0>;
L_0x55a261f02580 .functor AND 4, L_0x7f2bd2071378, L_0x55a261f02490, C4<1111>, C4<1111>;
L_0x55a261f027d0 .functor OR 4, L_0x55a261f02580, L_0x55a261f02690, C4<0000>, C4<0000>;
v0x55a261eff020_0 .net/2u *"_s1", 3 0, L_0x7f2bd2071378;  1 drivers
v0x55a261eff100_0 .net *"_s10", 3 0, L_0x55a261f02580;  1 drivers
v0x55a261eff1e0_0 .net *"_s13", 3 0, L_0x55a261f02690;  1 drivers
L_0x7f2bd2071408 .functor BUFT 1, C4<0>, C4<0>, C4<0>, C4<0>;
v0x55a261eff2a0_0 .net *"_s16", 0 0, L_0x7f2bd2071408;  1 drivers
v0x55a261eff380_0 .net *"_s17", 3 0, L_0x55a261f027d0;  1 drivers
v0x55a261eff4b0_0 .net *"_s3", 0 0, L_0x55a261f022d0;  1 drivers
v0x55a261eff590_0 .net *"_s4", 2 0, L_0x55a261f02370;  1 drivers
v0x55a261eff670_0 .net *"_s6", 3 0, L_0x55a261f02490;  1 drivers
L_0x7f2bd20713c0 .functor BUFT 1, C4<0>, C4<0>, C4<0>, C4<0>;
v0x55a261eff750_0 .net *"_s9", 0 0, L_0x7f2bd20713c0;  1 drivers
L_0x55a261f02370 .concat [ 1 1 1 0], L_0x55a261f022d0, L_0x55a261f022d0, L_0x55a261f022d0;
L_0x55a261f02490 .concat [ 3 1 0 0], L_0x55a261f02370, L_0x7f2bd20713c0;
L_0x55a261f02690 .concat [ 3 1 0 0], L_0x55a261f021b0, L_0x7f2bd2071408;
L_0x55a261f028e0 .part L_0x55a261f027d0, 0, 3;
    .scope S_0x55a261ed1af0;
T_0 ;
    %pushi/vec4 1, 0, 1;
    %store/vec4 v0x55a261effca0_0, 0, 1;
    %end;
    .thread T_0;
    .scope S_0x55a261ed1af0;
T_1 ;
    %delay 10, 0;
    %load/vec4 v0x55a261effca0_0;
    %inv;
    %store/vec4 v0x55a261effca0_0, 0, 1;
    %jmp T_1;
    .thread T_1;
    .scope S_0x55a261ed1af0;
T_2 ;
    %delay 10, 0;
    %pushi/vec4 1, 0, 8;
    %store/vec4 v0x55a261effd60_0, 0, 8;
    %delay 20, 0;
    %vpi_call 2 26 "$display", "log2(%d) = %d \012", v0x55a261effd60_0, v0x55a261effe20_0 {0 0 0};
    %delay 20, 0;
    %pushi/vec4 2, 0, 8;
    %store/vec4 v0x55a261effd60_0, 0, 8;
    %delay 20, 0;
    %vpi_call 2 29 "$display", "log2(%d) = %d \012", v0x55a261effd60_0, v0x55a261effe20_0 {0 0 0};
    %delay 20, 0;
    %pushi/vec4 4, 0, 8;
    %store/vec4 v0x55a261effd60_0, 0, 8;
    %delay 20, 0;
    %vpi_call 2 32 "$display", "log2(%d) = %d \012", v0x55a261effd60_0, v0x55a261effe20_0 {0 0 0};
    %delay 20, 0;
    %pushi/vec4 8, 0, 8;
    %store/vec4 v0x55a261effd60_0, 0, 8;
    %delay 20, 0;
    %vpi_call 2 35 "$display", "log2(%d) = %d \012", v0x55a261effd60_0, v0x55a261effe20_0 {0 0 0};
    %delay 20, 0;
    %pushi/vec4 16, 0, 8;
    %store/vec4 v0x55a261effd60_0, 0, 8;
    %delay 20, 0;
    %vpi_call 2 38 "$display", "log2(%d) = %d \012", v0x55a261effd60_0, v0x55a261effe20_0 {0 0 0};
    %delay 20, 0;
    %pushi/vec4 32, 0, 8;
    %store/vec4 v0x55a261effd60_0, 0, 8;
    %delay 20, 0;
    %vpi_call 2 41 "$display", "log2(%d) = %d \012", v0x55a261effd60_0, v0x55a261effe20_0 {0 0 0};
    %delay 20, 0;
    %pushi/vec4 64, 0, 8;
    %store/vec4 v0x55a261effd60_0, 0, 8;
    %delay 20, 0;
    %vpi_call 2 44 "$display", "log2(%d) = %d \012", v0x55a261effd60_0, v0x55a261effe20_0 {0 0 0};
    %delay 20, 0;
    %pushi/vec4 128, 0, 8;
    %store/vec4 v0x55a261effd60_0, 0, 8;
    %delay 20, 0;
    %vpi_call 2 47 "$display", "log2(%d) = %d \012", v0x55a261effd60_0, v0x55a261effe20_0 {0 0 0};
    %vpi_call 2 49 "$finish" {0 0 0};
    %end;
    .thread T_2;
# The file index is used to find the file name in the following table.
:file_names 4;
    "N/A";
    "<interactive>";
    "log2_testbench.v";
    "log2.v";
