#! /usr/bin/vvp
:ivl_version "10.3 (stable)";
:ivl_delay_selection "TYPICAL";
:vpi_time_precision - 10;
:vpi_module "system";
:vpi_module "vhdl_sys";
:vpi_module "v2005_math";
:vpi_module "va_math";
S_0x55f158ef3a70 .scope module, "freq_div_2n_testbench" "freq_div_2n_testbench" 2 3;
 .timescale -9 -10;
v0x55f158f04f40_0 .var "clk", 0 0;
v0x55f158f05010_0 .var "reset", 0 0;
S_0x55f158ef3bf0 .scope module, "freq_div_2n" "freq_div_2n" 2 12, 3 1 0, S_0x55f158ef3a70;
 .timescale 0 0;
    .port_info 0 /INPUT 1 "clk"
    .port_info 1 /INPUT 1 "reset"
    .port_info 2 /OUTPUT 1 "new_freq"
P_0x55f158ebc030 .param/l "DIV" 0 3 3, +C4<00000000000000000000000000000100>;
P_0x55f158ebc070 .param/l "MAX_NUM" 0 3 4, +C4<000000000000000000000000000000001>;
P_0x55f158ebc0b0 .param/l "REG_LEN" 0 3 5, +C4<000000000000000000000000000000001>;
v0x55f158ecef40_0 .net "clk", 0 0, v0x55f158f04f40_0;  1 drivers
v0x55f158f04c50_0 .var "counter", 0 0;
v0x55f158f04d30_0 .var "new_freq", 0 0;
v0x55f158f04e00_0 .net "reset", 0 0, v0x55f158f05010_0;  1 drivers
E_0x55f158ef4830 .event posedge, v0x55f158ecef40_0;
    .scope S_0x55f158ef3bf0;
T_0 ;
    %wait E_0x55f158ef4830;
    %load/vec4 v0x55f158f04e00_0;
    %flag_set/vec4 8;
    %jmp/0xz  T_0.0, 8;
    %pushi/vec4 0, 0, 1;
    %assign/vec4 v0x55f158f04c50_0, 0;
    %jmp T_0.1;
T_0.0 ;
    %load/vec4 v0x55f158f04c50_0;
    %pad/u 33;
    %cmpi/e 1, 0, 33;
    %jmp/0xz  T_0.2, 4;
    %pushi/vec4 0, 0, 1;
    %assign/vec4 v0x55f158f04c50_0, 0;
    %jmp T_0.3;
T_0.2 ;
    %load/vec4 v0x55f158f04c50_0;
    %addi 1, 0, 1;
    %assign/vec4 v0x55f158f04c50_0, 0;
T_0.3 ;
T_0.1 ;
    %jmp T_0;
    .thread T_0;
    .scope S_0x55f158ef3bf0;
T_1 ;
    %wait E_0x55f158ef4830;
    %load/vec4 v0x55f158f04e00_0;
    %flag_set/vec4 8;
    %jmp/0xz  T_1.0, 8;
    %pushi/vec4 1, 0, 1;
    %assign/vec4 v0x55f158f04d30_0, 0;
    %jmp T_1.1;
T_1.0 ;
    %load/vec4 v0x55f158f04c50_0;
    %pad/u 33;
    %cmpi/e 1, 0, 33;
    %jmp/0xz  T_1.2, 4;
    %load/vec4 v0x55f158f04d30_0;
    %inv;
    %assign/vec4 v0x55f158f04d30_0, 0;
T_1.2 ;
T_1.1 ;
    %jmp T_1;
    .thread T_1;
    .scope S_0x55f158ef3a70;
T_2 ;
    %pushi/vec4 1, 0, 1;
    %store/vec4 v0x55f158f04f40_0, 0, 1;
    %end;
    .thread T_2;
    .scope S_0x55f158ef3a70;
T_3 ;
    %delay 10, 0;
    %load/vec4 v0x55f158f04f40_0;
    %inv;
    %store/vec4 v0x55f158f04f40_0, 0, 1;
    %jmp T_3;
    .thread T_3;
    .scope S_0x55f158ef3a70;
T_4 ;
    %vpi_call 2 19 "$dumpfile", "dump.vcd" {0 0 0};
    %vpi_call 2 19 "$dumpvars" {0 0 0};
    %pushi/vec4 1, 0, 1;
    %store/vec4 v0x55f158f05010_0, 0, 1;
    %delay 20, 0;
    %pushi/vec4 0, 0, 1;
    %store/vec4 v0x55f158f05010_0, 0, 1;
    %delay 120, 0;
    %vpi_call 2 24 "$finish" {0 0 0};
    %end;
    .thread T_4;
# The file index is used to find the file name in the following table.
:file_names 4;
    "N/A";
    "<interactive>";
    "freq_div_2n_testbench.v";
    "freq_div_2n.v";
